 494.896      2026.000000       372.540684
 503.672      1989.000000       369.265547
 504.992      1923.000000       363.336764
 505.929      1938.000000       364.694176
 506.689      2021.000000       372.100089
 507.343      1914.000000       362.519452
 507.929      2000.000000       370.242814
 508.465      1926.000000       363.608722
 508.968      1957.000000       366.405086
 509.452      1937.000000       364.603866
 509.918      1967.000000       367.301801
 510.372      2014.000000       371.482218
 510.820      1903.000000       361.517571
 511.269      1904.000000       361.608785
 511.720      1872.000000       358.676440
 512.177      1789.000000       350.937083
 512.644      1854.000000       357.014613
 513.126      1862.000000       357.754315
 513.636      1845.000000       356.180304
 514.182      1798.000000       351.785872
 514.771      1850.000000       356.644090
 515.424      1851.000000       356.736763
 516.188      1762.000000       348.376314
 517.124      1715.000000       343.865972
 518.363      1568.000000       329.298879
 520.110      1148.000000       282.984820
 522.124       451.000000       178.630963
 523.791       147.000000       102.295219
 524.970       110.000000        88.522591
 525.871        75.000000        73.120759
 526.616        65.000000        68.078539
 527.264        59.000000        64.864286
 527.846        39.000000        52.747136
 528.381        59.000000        64.864286
 528.885        60.000000        65.411019
 529.369        52.000000        60.899222
 529.840        52.000000        60.899222
 530.303        56.000000        63.195579
 530.764        49.000000        59.118194
 531.222        52.000000        60.899222
 531.685        44.000000        56.023623
 532.158        30.000000        46.266466
 532.649        38.000000        52.067021
 533.173        48.000000        58.512423
 533.743        36.000000        50.679331
 534.376        33.000000        48.523222
 535.103        42.000000        54.736647
 535.989        26.000000        43.073459
 537.233        23.000000        40.513525
 543.381        21.000000        38.712788
