 494.896       762.000000       379.366235
 503.672       813.000000       391.652973
 504.992       881.000000       407.421271
 505.929       914.000000       414.842178
 506.689       910.000000       413.950297
 507.343       873.000000       405.600266
 507.929       994.000000       432.263740
 508.465       894.000000       410.361894
 508.968      1009.000000       435.446418
 509.452       948.000000       422.341264
 509.918       971.000000       427.333677
 510.372       955.000000       423.867425
 510.820       950.000000       422.777918
 511.269      1011.000000       435.868869
 511.720      1067.000000       447.521720
 512.177       996.000000       432.689565
 512.644      1000.000000       433.539854
 513.126      1005.000000       434.600177
 513.636      1067.000000       447.521720
 514.182      1020.000000       437.764422
 514.771      1019.000000       437.554246
 515.424      1045.000000       442.983611
 516.188      1063.000000       446.700347
 517.124      1088.000000       451.807197
 518.363      1125.000000       459.251553
 520.110      1299.000000       492.611450
 522.124      1529.000000       533.182295
 523.791      1480.000000       524.834337
 524.970      1494.000000       527.234738
 525.871      1420.000000       514.403499
 526.616      1348.000000       501.563913
 527.264      1292.000000       491.317680
 527.846      1207.000000       475.295150
 528.381      1228.000000       479.308855
 528.885      1149.000000       464.010417
 529.369      1121.000000       458.453137
 529.840      1072.000000       448.546127
 530.303       995.000000       432.476709
 530.764       995.000000       432.476709
 531.222       951.000000       422.996062
 531.685       877.000000       406.511863
 532.158       937.000000       419.930900
 532.649       870.000000       404.915121
 533.173       799.000000       388.321415
 533.743       760.000000       378.875746
 534.376       687.000000       360.487382
 535.103       630.000000       345.408344
 535.989       585.000000       332.995466
 537.233       518.000000       313.559158
 543.381       377.000000       267.881776
