 494.896        74.834655         8.644226
 503.672       148.268614        12.158493
 504.992       166.411673        12.878580
 505.929       209.045478        14.428149
 506.689       234.123221        15.265220
 507.343       260.645405        16.102381
 507.929       287.701908        16.912908
 508.465       369.297469        19.146014
 508.968       348.650912        18.606982
 509.452       405.247532        20.049015
 509.918       419.015707        20.383921
 510.372       454.280129        21.216803
 510.820       492.537145        22.083598
 511.269       558.023952        23.490341
 511.720       597.791653        24.303180
 512.177       682.402912        25.943967
 512.644       744.561244        27.082722
 513.126       756.995937        27.304488
 513.636       646.184583        25.255366
 514.182       841.265266        28.759533
 514.771       866.496239        29.180129
 515.424       870.451208        29.245470
 516.188      1172.700796        33.840748
 517.124      1112.054971        32.974561
 518.363      1453.018541        37.560528
 520.110      1491.373676        38.038004
 522.124      2021.356315        44.041329
 523.791      2074.349489        44.590256
 524.970      2010.658718        43.929532
 525.871      1908.890285        42.848723
 526.616      2101.323237        44.866603
 527.264      1871.599500        42.444573
 527.846      1832.886447        42.020197
 528.381      1828.657859        41.973540
 528.885      1832.985876        42.021294
 529.369      1717.844648        40.728673
 529.840      1639.754473        39.824347
 530.303      1618.196339        39.570509
 530.764      1440.184267        37.399220
 531.222      1313.166344        35.758611
 531.685      1328.129411        35.956235
 532.158      1195.400784        34.158763
 532.649      1126.671827        33.185600
 533.173      1090.709977        32.663696
 533.743       969.259228        30.829693
 534.376       863.915626        29.137409
 535.103       834.984817        28.653810
 535.989       712.555782        26.502850
 537.233       609.430839        24.535744
 543.381       393.707080        19.763779
