 494.896         2.000000         5.861478
 503.672         5.000000         9.267532
 504.992         5.000000         9.267532
 505.929         2.000000         5.861478
 506.689         6.000000        10.151971
 507.343        10.000000        13.105614
 507.929        11.000000        13.745147
 508.465         7.000000        10.965273
 508.968        10.000000        13.105614
 509.452         4.000000         8.289216
 509.918        19.000000        18.063217
 510.372        15.000000        16.050231
 510.820        27.000000        21.531060
 511.269        29.000000        22.313815
 511.720        25.000000        20.718687
 512.177        24.000000        20.300287
 512.644        31.000000        23.069968
 513.126        21.000000        18.989750
 513.636        34.000000        24.159757
 514.182        39.000000        25.874006
 514.771        34.000000        24.159757
 515.424        48.000000        28.702047
 516.188        65.000000        33.394506
 517.124        84.000000        37.955555
 518.363       120.000000        45.349203
 520.110       296.000000        71.097993
 522.124       669.000000       106.485098
 523.791       921.000000       124.621647
 524.970      1033.000000       131.831055
 525.871      1177.000000       140.512927
 526.616      1380.000000       151.831834
 527.264      1426.000000       154.268592
 527.846      1534.000000       159.825874
 528.381      1691.000000       167.533494
 528.885      1650.000000       165.560233
 529.369      1818.000000       173.482299
 529.840      1923.000000       178.227264
 530.303      1949.000000       179.379559
 530.764      1958.000000       179.776409
 531.222      2093.000000       185.609380
 531.685      2223.000000       191.027102
 532.158      2376.000000       197.175055
 532.649      2396.000000       197.961597
 533.173      2585.000000       205.212575
 533.743      2558.000000       204.196166
 534.376      2739.000000       210.893545
 535.103      2853.000000       214.977860
 535.989      3055.000000       221.981150
 537.233      3219.000000       227.463154
 543.381      3801.000000       245.629792
