 494.896       245.421426        15.627437
 503.672       420.331068        20.415619
 504.992       439.791046        20.878762
 505.929       525.467876        22.802314
 506.689       563.338603        23.600669
 507.343       604.843759        24.444366
 507.929       646.626052        25.263878
 508.465       806.155032        28.163049
 508.968       738.448020        26.972985
 509.452       835.015198        28.654322
 509.918       840.598356        28.748326
 510.372       889.304560        29.554819
 510.820       940.184877        30.372783
 511.269      1038.922335        31.895692
 511.720      1085.033633        32.580480
 512.177      1207.716746        34.329945
 512.644      1283.484794        35.362949
 513.126      1268.954077        35.167445
 513.636      1053.406693        32.112511
 514.182      1330.067286        35.981741
 514.771      1323.056407        35.889369
 515.424      1283.796691        35.367132
 516.188      1659.446946        40.054609
 517.124      1493.098756        38.059321
 518.363      1819.578585        41.873157
 520.110      1688.765911        40.394645
 522.124      2038.143700        44.216096
 523.791      1901.680701        42.770935
 524.970      1729.907648        40.866319
 525.871      1561.162858        38.889822
 526.616      1650.045234        39.944865
 527.264      1418.685173        37.127238
 527.846      1343.936089        36.163695
 528.381      1301.007819        35.597126
 528.885      1267.666936        35.150069
 529.369      1156.142718        33.606687
 529.840      1074.207794        32.421125
 530.303      1033.908385        31.820262
 530.764       896.267272        29.668188
 531.222       796.329266        27.993686
 531.685       784.603128        27.790126
 532.158       688.106927        26.050664
 532.649       630.187201        24.944829
 533.173       592.506604        24.196804
 533.743       510.530435        22.479271
 534.376       439.139475        20.863427
 535.103       407.195490        20.096749
 535.989       331.174970        18.137845
 537.233       265.266356        16.243738
 543.381       151.343087        12.283525
