 494.896       881.000000       430.916491
 503.672       984.000000       454.932418
 504.992      1065.000000       472.895305
 505.929      1080.000000       476.140917
 506.689      1058.000000       471.372338
 507.343      1187.000000       498.624383
 507.929      1164.000000       493.886250
 508.465      1160.000000       493.057109
 508.968      1184.000000       498.009180
 509.452      1249.000000       511.155909
 509.918      1266.000000       514.533060
 510.372      1326.000000       526.260390
 510.820      1288.000000       518.867315
 511.269      1254.000000       512.151752
 511.720      1337.000000       528.378996
 512.177      1363.000000       533.349288
 512.644      1390.000000       538.456487
 513.126      1367.000000       534.109361
 513.636      1370.000000       534.678623
 514.182      1384.000000       537.326252
 514.771      1441.000000       547.957985
 515.424      1472.000000       553.643880
 516.188      1392.000000       538.832641
 517.124      1476.000000       554.372755
 518.363      1458.000000       551.084248
 520.110      1527.000000       563.572600
 522.124      1272.000000       515.719142
 523.791      1133.000000       487.419833
 524.970      1018.000000       462.564765
 525.871       945.000000       446.003171
 526.616       923.000000       440.879856
 527.264       892.000000       433.549763
 527.846       755.000000       399.424729
 528.381       794.000000       409.448877
 528.885       807.000000       412.732648
 529.369       741.000000       395.760369
 529.840       745.000000       396.810998
 530.303       693.000000       382.914057
 530.764       684.000000       380.454193
 531.222       654.000000       372.130489
 531.685       620.000000       362.453076
 532.158       564.000000       345.892875
 532.649       548.000000       341.006464
 533.173       555.000000       343.153225
 533.743       516.000000       331.007361
 534.376       473.000000       317.053085
 535.103       486.000000       321.338338
 535.989       417.000000       297.861814
 537.233       367.000000       279.575234
 543.381       275.000000       242.233467
