 494.896       157.000000       138.463500
 503.672       248.000000       173.865936
 504.992       293.000000       188.897399
 505.929       278.000000       184.026380
 506.689       310.000000       194.266867
 507.343       343.000000       204.277574
 507.929       346.000000       205.162773
 508.465       381.000000       215.213685
 508.968       378.000000       214.371192
 509.452       443.000000       231.919763
 509.918       460.000000       236.287261
 510.372       461.000000       236.541568
 510.820       506.000000       247.705088
 511.269       540.000000       255.803998
 511.720       514.000000       249.635374
 512.177       560.000000       260.445367
 512.644       603.000000       270.142139
 513.126       596.000000       268.588602
 513.636       657.000000       281.824569
 514.182       652.000000       280.764353
 514.771       724.000000       295.644904
 515.424       774.000000       305.528090
 516.188       780.000000       306.691329
 517.124       909.000000       330.648284
 518.363      1059.000000       356.342638
 520.110      1212.000000       380.619653
 522.124      1538.000000       427.328862
 523.791      1612.000000       437.154292
 524.970      1588.000000       433.995427
 525.871      1603.000000       435.972779
 526.616      1561.000000       430.410074
 527.264      1592.000000       434.523724
 527.846      1611.000000       437.023193
 528.381      1577.000000       432.538813
 528.885      1575.000000       432.273373
 529.369      1589.000000       434.127570
 529.840      1572.000000       431.874865
 530.303      1603.000000       435.972779
 530.764      1596.000000       435.051290
 531.222      1471.000000       418.206135
 531.685      1534.000000       426.790418
 532.158      1411.000000       409.841450
 532.649      1486.000000       420.268014
 533.173      1377.000000       405.015121
 533.743      1438.000000       413.629130
 534.376      1382.000000       405.728913
 535.103      1432.000000       412.790801
 535.989      1274.000000       389.985523
 537.233      1314.000000       395.897830
 543.381      1080.000000       359.781223
