 494.896      2755.000000       407.379024
 503.672      2583.000000       395.174739
 504.992      2449.000000       385.331182
 505.929      2337.000000       376.859943
 506.689      2239.000000       369.252707
 507.343      2168.000000       363.620906
 507.929      2139.000000       361.290225
 508.465      2142.000000       361.532164
 508.968      2055.000000       354.435741
 509.452      2054.000000       354.353189
 509.918      1985.000000       348.601023
 510.372      1883.000000       339.886853
 510.820      1881.000000       339.713362
 511.269      1851.000000       337.098469
 511.720      1737.000000       326.939204
 512.177      1805.000000       333.042402
 512.644      1734.000000       326.666903
 513.126      1674.000000       321.164908
 513.636      1619.000000       316.024519
 514.182      1623.000000       316.401593
 514.771      1510.000000       305.544521
 515.424      1424.000000       296.979044
 516.188      1375.000000       291.971924
 517.124      1276.000000       281.550783
 518.363      1092.000000       260.952346
 520.110       768.000000       219.565593
 522.124       356.000000       150.113004
 523.791       188.000000       109.271234
 524.970       104.000000        81.340993
 525.871       112.000000        84.404770
 526.616       104.000000        81.340993
 527.264        83.000000        72.681389
 527.846        92.000000        76.513652
 528.381        72.000000        67.701496
 528.885        85.000000        73.550382
 529.369        57.000000        60.246896
 529.840        69.000000        66.278033
 530.303        68.000000        65.796664
 530.764        54.000000        58.641784
 531.222        57.000000        60.246896
 531.685        60.000000        61.810154
 532.158        47.000000        54.712890
 532.649        45.000000        53.537202
 533.173        34.000000        46.541104
 533.743        41.000000        51.104452
 534.376        23.000000        38.283263
 535.103        27.000000        41.477209
 535.989        22.000000        37.442144
 537.233        17.000000        32.915129
 543.381        25.000000        39.912262
