 494.896      1111.004781        32.959341
 503.672      1466.324239        37.726941
 504.992      1360.857789        36.384325
 505.929      1493.084468        38.059144
 506.689      1486.116626        37.972961
 507.343      1500.586097        38.151683
 507.929      1519.469897        38.383514
 508.465      1802.852825        41.687495
 508.968      1568.969500        38.983794
 509.452      1693.256221        40.446432
 509.918      1628.985949        39.697784
 510.372      1653.268121        39.982524
 510.820      1674.703802        40.231967
 511.269      1773.859762        41.363368
 511.720      1774.449448        41.369989
 512.177      1892.305950        42.669538
 512.644      1923.236566        43.003021
 513.126      1813.477466        41.805543
 513.636      1435.928144        37.345553
 514.182      1721.383869        40.769114
 514.771      1614.134573        39.522474
 515.424      1476.944698        37.859178
 516.188      1779.795781        41.429969
 517.124      1465.243366        37.713454
 518.363      1588.078093        39.212731
 520.110      1243.604183        34.823457
 522.124      1232.783734        34.675476
 523.791       977.644105        30.960109
 524.970       798.148960        28.025134
 525.871       660.827302        25.536120
 526.616       651.859413        25.364562
 527.264       527.872378        22.853870
 527.846       472.637598        21.637233
 528.381       434.730993        20.759363
 528.885       403.717648        20.011444
 529.369       351.591498        18.684731
 529.840       312.064604        17.610137
 530.303       287.888113        16.918349
 530.764       238.671102        15.412067
 531.222       202.946972        14.217005
 531.685       191.282705        13.804018
 532.158       160.537370        12.649977
 532.649       140.040037        11.817268
 533.173       125.307058        11.180028
 533.743       102.467613        10.112251
 534.376        82.984918         9.102043
 535.103        71.730186         8.463290
 535.989        53.781541         7.329645
 537.233        38.574195         6.208417
 543.381        17.987741         4.240433
