 494.896        84.000000        91.135617
 503.672       124.000000       110.684105
 504.992       145.000000       119.664951
 505.929       125.000000       111.128401
 506.689       179.000000       132.911127
 507.343       182.000000       134.016245
 507.929       208.000000       143.232001
 508.465       185.000000       135.112191
 508.968       210.000000       143.916079
 509.452       225.000000       148.944853
 509.918       228.000000       149.930012
 510.372       246.000000       155.707725
 510.820       252.000000       157.585658
 511.269       272.000000       163.686761
 511.720       292.000000       169.563814
 512.177       306.000000       173.556665
 512.644       316.000000       176.352014
 513.126       348.000000       185.006336
 513.636       354.000000       186.583128
 514.182       382.000000       193.767045
 514.771       390.000000       195.769722
 515.424       431.000000       205.718013
 516.188       492.000000       219.658922
 517.124       556.000000       233.358057
 518.363       606.000000       243.501711
 520.110       881.000000       292.779941
 522.124      1391.000000       365.974238
 523.791      1580.000000       389.286679
 524.970      1715.000000       405.010970
 525.871      1787.000000       413.116899
 526.616      1761.000000       410.211123
 527.264      1789.000000       413.339440
 527.846      1921.000000       427.730286
 528.381      1849.000000       419.952061
 528.885      1761.000000       410.211123
 529.369      1909.000000       426.445440
 529.840      1737.000000       407.507562
 530.303      1883.000000       423.645929
 530.764      1886.000000       423.970054
 531.222      1846.000000       419.624309
 531.685      1823.000000       417.101563
 532.158      1852.000000       420.279516
 532.649      1765.000000       410.659716
 533.173      1781.000000       412.448440
 533.743      1776.000000       411.890431
 534.376      1752.000000       409.199708
 535.103      1655.000000       398.110276
 535.989      1667.000000       399.501379
 537.233      1660.000000       398.690579
 543.381      1435.000000       371.549134
