 494.896       202.873662        14.214447
 503.672       356.517718        18.814240
 504.992       377.614781        19.358794
 505.929       455.131473        21.236492
 506.689       491.658296        22.064083
 507.343       531.217926        22.925402
 507.929       571.081781        23.760452
 508.465       715.595097        26.558493
 508.968       658.945711        25.500226
 509.452       748.691781        27.156601
 509.918       757.211944        27.308324
 510.372       804.504842        28.134681
 510.820       854.271808        28.977167
 511.269       948.094966        30.497824
 511.720       994.561054        31.221435
 512.177      1111.887463        32.972134
 512.644      1187.065999        34.042378
 513.126      1179.344817        33.934168
 513.636       983.778335        31.055144
 514.182      1248.783288        34.894041
 514.771      1249.748483        34.907178
 515.424      1219.995596        34.499678
 516.188      1588.367420        39.216185
 517.124      1442.250347        37.425240
 518.363      1778.990167        41.420937
 520.110      1680.213177        40.295792
 522.124      2069.159600        44.536852
 523.791      1962.917058        43.426446
 524.970      1805.466628        41.716573
 525.871      1643.791037        39.871670
 526.616      1749.714556        41.091173
 527.264      1513.645281        38.312176
 527.846      1442.205198        37.424672
 528.381      1403.479098        36.933508
 528.885      1374.266216        36.558092
 529.369      1259.310197        35.037023
 529.840      1175.567387        33.881089
 530.303      1136.396295        33.325191
 530.764       989.630838        31.145521
 531.222       883.251426        29.455878
 531.685       874.214100        29.307492
 532.158       770.164020        27.537265
 532.649       708.868005        26.435168
 533.173       669.877181        25.708023
 533.743       580.302162        23.949262
 534.376       502.251359        22.298122
 535.103       469.085599        21.556548
 535.989       384.712287        19.538480
 537.233       311.676021        17.599238
 543.381       181.650519        13.453274
