 494.896      1257.910671        35.018051
 503.672      1614.718903        39.529389
 504.992      1480.167987        37.899209
 505.929      1609.812001        39.471282
 506.689      1590.122109        39.237130
 507.343      1595.527414        39.301568
 507.929      1606.624389        39.433483
 508.465      1896.603410        42.716055
 508.968      1641.905531        39.849573
 509.452      1763.510875        41.246957
 509.918      1688.698476        40.393866
 510.372      1706.583675        40.599694
 510.820      1721.147718        40.766417
 511.269      1815.153496        41.824130
 511.720      1807.748714        41.741941
 512.177      1919.371730        42.961517
 512.644      1941.836122        43.202101
 513.126      1822.141641        41.901523
 513.636      1435.812575        37.344095
 514.182      1712.115290        40.663110
 514.771      1595.753364        39.304259
 515.424      1451.371492        37.539871
 516.188      1736.447448        40.940719
 517.124      1416.611471        37.100886
 518.363      1517.113796        38.354675
 520.110      1167.574397        33.768473
 522.124      1134.288334        33.294987
 523.791       884.583149        29.477676
 524.970       714.178147        26.532568
 525.871       586.092656        24.067043
 526.616       574.057105        23.821551
 527.264       462.019570        21.395101
 527.846       411.287780        20.196649
 528.381       376.322393        19.325890
 528.885       347.757269        18.583287
 529.369       301.425842        17.309208
 529.840       266.286132        16.274765
 530.303       244.590141        15.601079
 530.764       201.849522        14.178669
 531.222       170.865415        13.049196
 531.685       160.314114        12.641207
 532.158       133.940728        11.557765
 532.649       116.257590        10.769739
 533.173       103.500037        10.162962
 533.743        84.182570         9.167379
 534.376        67.756811         8.225873
 535.103        58.147402         7.621009
 535.989        43.235968         6.572563
 537.233        30.662893         5.535710
 543.381        14.013736         3.742968
