 494.896         2.867677         1.693373
 503.672         7.709115         2.776315
 504.992        10.095481         3.177018
 505.929        14.165116         3.763124
 506.689        17.474302         4.179497
 507.343        21.081692         4.590512
 507.929        24.975926         4.996344
 508.465        34.199535         5.846036
 508.968        34.521734         5.873491
 509.452        42.652043         6.528067
 509.918        46.795220         6.837501
 510.372        53.561838         7.314674
 510.820        61.413292         7.831849
 511.269        73.539451         8.569206
 511.720        83.346813         9.121835
 512.177       100.626367        10.021170
 512.644       116.393968        10.776039
 513.126       125.906275        11.206660
 513.636       114.336418        10.680588
 514.182       159.322501        12.602176
 514.771       177.285822        13.291246
 515.424       192.359173        13.842656
 516.188       284.083560        16.806829
 517.124       302.779945        17.347808
 518.363       462.377939        21.403319
 520.110       593.992416        24.226760
 522.124      1041.200040        31.929893
 523.791      1317.125052        35.811013
 524.970      1468.468964        37.753688
 525.871      1559.522699        38.870046
 526.616      1878.570117        42.520461
 527.264      1809.285096        41.759009
 527.846      1907.162307        42.830094
 528.381      2034.311304        44.176270
 528.885      2171.234316        45.573558
 529.369      2161.368963        45.474593
 529.840      2190.311306        45.764200
 530.303      2284.720222        46.693911
 530.764      2155.630470        45.416909
 531.222      2081.663909        44.665394
 531.685      2231.177852        46.169414
 532.158      2127.116035        45.128966
 532.649      2136.673748        45.225726
 533.173      2207.026568        45.930461
 533.743      2100.241192        44.855556
 534.376      2025.855273        44.088247
 535.103      2146.834627        45.328321
 535.989      2038.896548        44.223914
 537.233      2019.214514        44.018973
 543.381      1748.525259        41.077712
