 494.896      1358.000000       547.329680
 503.672      1357.000000       547.133746
 504.992      1432.000000       561.616710
 505.929      1423.000000       559.900941
 506.689      1366.000000       548.894334
 507.343      1404.000000       556.259214
 507.929      1398.000000       555.103619
 508.465      1438.000000       562.757288
 508.968      1454.000000       565.786175
 509.452      1432.000000       561.616710
 509.918      1356.000000       546.937734
 510.372      1379.000000       551.426304
 510.820      1429.000000       561.045443
 511.269      1431.000000       561.426361
 511.720      1437.000000       562.567372
 512.177      1422.000000       559.709935
 512.644      1350.000000       545.760009
 513.126      1386.000000       552.784295
 513.636      1454.000000       565.786175
 514.182      1432.000000       561.616710
 514.771      1446.000000       564.274021
 515.424      1370.000000       549.674792
 516.188      1391.000000       553.752004
 517.124      1385.000000       552.590525
 518.363      1338.000000       543.395999
 520.110      1318.000000       539.430271
 522.124      1023.000000       476.680415
 523.791       962.000000       462.537888
 524.970       910.000000       450.101660
 525.871       850.000000       435.275904
 526.616       746.000000       408.209934
 527.264       760.000000       411.963957
 527.846       745.000000       407.940384
 528.381       668.000000       386.585887
 528.885       681.000000       390.278017
 529.369       611.000000       369.938153
 529.840       526.000000       343.538003
 530.303       529.000000       344.505836
 530.764       531.000000       345.149484
 531.222       481.000000       328.663801
 531.685       469.000000       324.577471
 532.158       439.000000       314.120075
 532.649       459.000000       321.130925
 533.173       382.000000       293.187001
 533.743       412.000000       304.389948
 534.376       345.000000       278.730467
 535.103       328.000000       271.822966
 535.989       308.000000       263.458369
 537.233       258.000000       241.248642
 543.381       191.000000       207.713153
