 494.896      2652.000000       491.611384
 503.672      2561.000000       483.567276
 504.992      2300.000000       459.523217
 505.929      2221.000000       451.936230
 506.689      2275.000000       457.138733
 507.343      2173.000000       447.250448
 507.929      2007.000000       430.573192
 508.465      2074.000000       437.395509
 508.968      1929.000000       422.466273
 509.452      1942.000000       423.830114
 509.918      1997.000000       429.543918
 510.372      1862.000000       415.353822
 510.820      1823.000000       411.147413
 511.269      1857.000000       414.817317
 511.720      1792.000000       407.767784
 512.177      1723.000000       400.126327
 512.644      1695.000000       396.976909
 513.126      1652.000000       392.083557
 513.636      1663.000000       393.342001
 514.182      1584.000000       384.199144
 514.771      1445.000000       367.481309
 515.424      1416.000000       363.883709
 516.188      1397.000000       361.504821
 517.124      1231.000000       339.926720
 518.363      1163.000000       330.634903
 520.110       871.000000       286.987110
 522.124       449.000000       206.934896
 523.791       227.000000       147.466777
 524.970       215.000000       143.533355
 525.871       167.000000       126.561351
 526.616       140.000000       115.910961
 527.264       161.000000       124.274479
 527.846       127.000000       110.412682
 528.381       128.000000       110.845414
 528.885       128.000000       110.845414
 529.369        88.000000        91.945012
 529.840        97.000000        96.523608
 530.303        90.000000        92.982109
 530.764        85.000000        90.366893
 531.222       100.000000        98.001929
 531.685        78.000000        86.572038
 532.158        78.000000        86.572038
 532.649        69.000000        81.431799
 533.173        44.000000        65.043592
 533.743        58.000000        74.667449
 534.376        45.000000        65.777913
 535.103        37.000000        59.649865
 535.989        34.000000        57.182232
 537.233        28.000000        51.895145
 543.381        22.000000        46.002891
