 494.896        15.430832         3.927604
 503.672        35.820985         5.982919
 504.992        43.503565         6.592853
 505.929        57.823771         7.599796
 506.689        68.034436         8.242685
 507.343        78.908487         8.876033
 507.929        90.300385         9.494067
 508.465       119.794040        10.931927
 508.968       117.021816        10.804996
 509.452       140.318122        11.828962
 509.918       149.538450        12.210291
 510.372       166.670942        12.888575
 510.820       185.933713        13.610374
 511.269       216.685586        14.688313
 511.720       238.892765        15.419188
 512.177       280.605977        16.704227
 512.644       315.415974        17.703848
 513.126       330.979489        18.132527
 513.636       291.582900        17.025936
 514.182       392.989686        19.745908
 514.771       421.039399        20.432668
 515.424       439.893388        20.881170
 516.188       621.042077        24.765464
 517.124       625.031424        24.843875
 518.363       884.028026        29.468592
 520.110      1017.137452        31.566534
 522.124      1571.765123        39.017383
 523.791      1795.075121        41.600832
 524.970      1868.900603        42.415148
 525.871      1878.762155        42.522549
 526.616      2165.393420        45.514996
 527.264      2007.128698        43.892566
 527.846      2040.783433        44.243502
 528.381      2106.666461        44.921104
 528.885      2180.336456        45.664637
 529.369      2107.198031        44.926522
 529.840      2073.701778        44.583596
 530.303      2105.099473        44.905129
 530.764      1930.119164        43.076815
 531.222      1812.166708        41.791001
 531.685      1887.844916        42.621189
 532.158      1749.751277        41.091589
 532.649      1703.573947        40.565141
 533.173      1704.604883        40.576980
 533.743      1568.588704        38.979216
 534.376      1455.534353        37.592057
 535.103      1474.360731        37.827053
 535.989      1328.625812        35.962771
 537.233      1224.282916        34.558726
 543.381       915.312150        29.975927
