 494.896         0.479734         0.692625
 503.672         1.486223         1.219090
 504.992         2.097724         1.448322
 505.929         3.106600         1.762500
 506.689         4.017774         2.004358
 507.343         5.042053         2.245338
 507.929         6.183781         2.486567
 508.465         8.739717         2.956043
 508.968         9.115995         3.018995
 509.452        11.605248         3.406252
 509.918        13.108017         3.620025
 510.372        15.407547         3.924640
 510.820        18.157286         4.260363
 511.269        22.340590         4.725527
 511.720        26.029058         5.100540
 512.177        32.300785         5.681542
 512.644        38.447273         6.198202
 513.126        42.873104         6.544948
 513.636        40.133170         6.332532
 514.182        57.820052         7.599552
 514.771        66.824529         8.169163
 515.424        75.302878         8.671186
 516.188       116.336286        10.773375
 517.124       131.325084        11.444656
 518.363       216.635805        14.686633
 520.110       310.856426        17.576228
 522.124       618.072117        24.706919
 523.791       865.496455        29.163586
 524.970      1033.052308        31.807363
 525.871      1158.898371        33.645764
 526.616      1458.939475        37.634683
 527.264      1459.981056        37.647711
 527.846      1595.415550        39.300236
 528.381      1758.461046        41.190015
 528.885      1935.435954        43.133719
 529.369      1984.442462        43.654120
 529.840      2070.860482        44.554363
 530.303      2219.616491        46.055212
 530.764      2155.019532        45.410762
 531.222      2140.467707        45.264066
 531.685      2360.421863        47.423518
 532.158      2314.694303        46.984445
 532.649      2398.870716        47.788901
 533.173      2557.939869        49.265391
 533.743      2517.286261        48.893268
 534.376      2524.141762        48.956265
 535.103      2798.535026        51.399407
 535.989      2801.388067        51.424047
 537.233      2982.954325        52.962194
 543.381      3013.836065        53.218154
