 494.896         3.000000         4.904183
 503.672         3.000000         4.904183
 504.992         3.000000         4.904183
 505.929         3.000000         4.904183
 506.689         2.000000         4.004289
 507.343         5.000000         6.331147
 507.929         8.000000         8.008098
 508.465         7.000000         7.490964
 508.968        12.000000         9.807484
 509.452         5.000000         6.331147
 509.918        12.000000         9.807484
 510.372        11.000000         9.390045
 510.820        15.000000        10.964771
 511.269        17.000000        11.672657
 511.720         7.000000         7.490964
 512.177        20.000000        12.660394
 512.644        19.000000        12.339949
 513.126        24.000000        13.868212
 513.636        21.000000        12.972914
 514.182        38.000000        17.448006
 514.771        34.000000        16.504822
 515.424        39.000000        17.675918
 516.188        50.000000        20.011832
 517.124        69.000000        23.504109
 518.363       108.000000        29.394186
 520.110       216.000000        41.524640
 522.124       593.000000        68.541830
 523.791       868.000000        82.694417
 524.970      1027.000000        89.804414
 525.871      1203.000000        97.020494
 526.616      1313.000000       101.244858
 527.264      1381.000000       103.760954
 527.846      1535.000000       109.220059
 528.381      1573.000000       110.520350
 528.885      1730.000000       115.716638
 529.369      1719.000000       115.361309
 529.840      1805.000000       118.106474
 530.303      2012.000000       124.426940
 530.764      1977.000000       123.384920
 531.222      2202.000000       129.911509
 531.685      2279.000000       132.056882
 532.158      2260.000000       131.531428
 532.649      2444.000000       136.517198
 533.173      2627.000000       141.263378
 533.743      2664.000000       142.199148
 534.376      2829.000000       146.281068
 535.103      2943.000000       149.018901
 535.989      3097.000000       152.617741
 537.233      3374.000000       158.825681
 543.381      3794.000000       167.660963
