 494.896      2088.020847        44.730574
 503.672      2358.996570        47.409907
 504.992      2045.115104        44.288432
 505.929      2138.088633        45.240028
 506.689      2040.610518        44.241708
 507.343      1990.359284        43.716458
 507.929      1954.520625        43.337254
 508.465      2255.136016        46.404992
 508.968      1906.649444        42.824563
 509.452      2004.240406        43.862294
 509.918      1879.447320        42.530000
 510.372      1863.275303        42.353741
 510.820      1842.465953        42.125673
 511.269      1905.492527        42.812083
 511.720      1860.344481        42.321707
 512.177      1936.578999        43.145941
 512.644      1919.304510        42.960795
 513.126      1762.056793        41.230570
 513.636      1358.516477        36.353888
 514.182      1581.645360        39.135832
 514.771      1434.538049        37.328006
 515.424      1269.928587        35.180594
 516.188      1470.999074        37.785213
 517.124      1151.968093        33.547392
 518.363      1169.218125        33.791666
 520.110       832.280399        28.608156
 522.124       738.349275        26.971208
 523.791       533.873621        22.982019
 524.970       409.929491        20.163547
 525.871       323.262410        17.921285
 526.616       306.684603        17.458622
 527.264       240.093306        15.457697
 527.846       208.232688        14.400190
 528.381       186.084947        13.615888
 528.885       168.186642        12.946849
 529.369       142.705662        11.928888
 529.840       123.434846        11.096401
 530.303       111.180369        10.532481
 530.764        89.882391         9.472107
 531.222        74.558532         8.628288
 531.685        68.537098         8.273038
 532.158        56.111078         7.486528
 532.649        47.621734         6.897563
 533.173        41.438898         6.434637
 533.743        32.900978         5.734050
 534.376        25.755889         5.073719
 535.103        21.399093         4.624925
 535.989        15.326790         3.914344
 537.233        10.333365         3.214223
 543.381         4.318794         2.078081
