 494.896      1987.000000       790.203327
 503.672      1939.000000       780.990596
 504.992      1857.000000       764.949959
 505.929      1920.000000       777.308367
 506.689      1788.000000       751.141626
 507.343      1924.000000       778.085274
 507.929      1876.000000       768.701582
 508.465      1813.000000       756.178535
 508.968      1857.000000       764.949959
 509.452      1754.000000       744.227904
 509.918      1758.000000       745.045140
 510.372      1744.000000       742.180260
 510.820      1807.000000       754.973236
 511.269      1739.000000       741.153985
 511.720      1710.000000       735.168951
 512.177      1718.000000       736.825597
 512.644      1720.000000       737.239088
 513.126      1755.000000       744.432311
 513.636      1699.000000       732.884015
 514.182      1652.000000       723.027435
 514.771      1645.000000       721.546200
 515.424      1554.000000       701.964208
 516.188      1528.000000       696.253908
 517.124      1470.000000       683.320283
 518.363      1384.000000       663.617997
 520.110      1101.000000       593.614017
 522.124       633.000000       452.252235
 523.791       448.000000       381.179995
 524.970       368.000000       345.752474
 525.871       297.000000       310.835079
 526.616       282.000000       302.929716
 527.264       249.000000       284.748260
 527.846       258.000000       289.822417
 528.381       252.000000       286.449839
 528.885       230.000000       273.721075
 529.369       240.000000       279.580132
 529.840       200.000000       255.323135
 530.303       217.000000       265.907690
 530.764       176.000000       239.572038
 531.222       176.000000       239.572038
 531.685       176.000000       239.572038
 532.158       160.000000       228.459650
 532.649       145.000000       217.519833
 533.173       143.000000       216.018820
 533.743       130.000000       205.992714
 534.376       126.000000       202.806968
 535.103       111.000000       190.381344
 535.989       117.000000       195.447316
 537.233        90.000000       171.465022
 543.381        77.000000       158.619362
