 494.896       384.000000       250.905585
 503.672       423.000000       263.235311
 504.992       460.000000       274.404203
 505.929       480.000000       280.249456
 506.689       549.000000       299.507397
 507.343       545.000000       298.426370
 507.929       538.000000       296.524660
 508.465       571.000000       305.381559
 508.968       563.000000       303.259276
 509.452       572.000000       305.645760
 509.918       593.000000       311.139701
 510.372       617.000000       317.296410
 510.820       632.000000       321.081400
 511.269       647.000000       324.819999
 511.720       601.000000       313.206060
 512.177       708.000000       339.577331
 512.644       680.000000       332.889297
 513.126       695.000000       336.489662
 513.636       702.000000       338.155961
 514.182       722.000000       342.869597
 514.771       730.000000       344.735932
 515.424       775.000000       355.040221
 516.188       862.000000       374.107326
 517.124       855.000000       372.611770
 518.363       985.000000       399.407725
 520.110      1198.000000       439.522448
 522.124      1725.000000       524.553190
 523.791      1847.000000       542.099447
 524.970      1855.000000       543.227058
 525.871      1762.000000       529.945783
 526.616      1746.000000       527.621666
 527.264      1691.000000       519.540813
 527.846      1581.000000       502.930165
 528.381      1488.000000       488.382279
 528.885      1512.000000       492.183299
 529.369      1484.000000       487.745516
 529.840      1494.000000       489.335666
 530.303      1436.000000       480.029897
 530.764      1386.000000       471.841499
 531.222      1373.000000       469.686252
 531.685      1334.000000       463.153108
 532.158      1306.000000       458.398466
 532.649      1186.000000       437.369390
 533.173      1164.000000       433.391485
 533.743      1072.000000       416.303408
 534.376      1059.000000       413.826446
 535.103       999.000000       402.178692
 535.989       926.000000       387.494073
 537.233       819.000000       364.816498
 543.381       668.000000       329.979100
