 494.896       193.232482        13.873922
 503.672       341.757438        18.423395
 504.992       363.089161        18.985586
 505.929       438.579080        20.850229
 506.689       474.679044        21.683465
 507.343       513.680814        22.547804
 507.929       552.996963        23.385484
 508.465       693.813401        26.156947
 508.968       639.727717        25.130513
 509.452       727.726775        26.779377
 509.918       736.864776        26.944487
 510.372       783.720651        27.774742
 510.820       833.114853        28.622251
 511.269       925.618718        30.141057
 511.720       972.056720        30.873271
 512.177      1087.922298        32.622857
 512.644      1162.810690        33.701159
 513.126      1156.651845        33.613910
 513.636       966.019065        30.779136
 514.182      1227.873506        34.608092
 514.771      1230.684949        34.646692
 515.424      1203.197888        34.267247
 516.188      1569.318901        38.987994
 517.124      1428.210500        37.248017
 518.363      1767.008296        41.286341
 520.110      1676.209050        40.249416
 522.124      2074.668980        44.593542
 523.791      1976.318762        43.568361
 524.970      1822.823348        41.909064
 525.871      1663.257564        40.098991
 526.616      1773.569790        41.360111
 527.264      1536.638916        38.592923
 527.846      1466.230708        37.725774
 528.381      1428.731425        37.254610
 528.885      1400.717051        36.898196
 529.369      1285.068105        35.384179
 529.840      1201.020558        34.236991
 530.303      1162.264164        33.693427
 530.764      1013.316816        31.508421
 531.222       905.410173        29.816352
 531.685       897.166116        29.682789
 532.158       791.276307        27.906163
 532.649       729.209726        26.806245
 533.173       689.975770        26.085522
 533.743       598.515638        24.317714
 534.376       518.816786        22.659068
 535.103       485.431213        21.925290
 535.989       398.950668        19.893904
 537.233       324.132731        17.945236
 543.381       189.923105        13.755061
