 494.896       530.676214        22.913836
 503.672       807.708350        28.189723
 504.992       799.718852        28.052234
 505.929       918.688971        30.030138
 506.689       951.734982        30.555179
 507.343       993.301119        31.202054
 507.929      1035.653417        31.846536
 508.465      1262.003566        35.073501
 508.968      1129.005013        33.219151
 509.452      1249.441140        34.902995
 509.918      1231.738120        34.661139
 510.372      1278.372507        35.294302
 510.820      1325.103317        35.916366
 511.269      1435.928032        37.345552
 511.720      1470.127199        37.774353
 512.177      1604.331063        39.406262
 512.644      1670.215328        40.179882
 513.126      1615.586480        39.539652
 513.636      1312.210997        35.745951
 514.182      1617.628622        39.563799
 514.771      1565.837773        38.946127
 515.424      1478.739906        37.881479
 516.188      1850.533424        42.214262
 517.124      1598.077887        39.331931
 518.363      1844.663395        42.149825
 520.110      1582.728963        39.148797
 522.124      1744.336498        41.030261
 523.791      1510.167621        38.269511
 524.970      1306.961340        35.676300
 525.871      1133.523068        33.284014
 526.616      1160.499369        33.668445
 527.264       970.580076        30.850277
 527.846       895.825177        29.661003
 528.381       846.983195        28.855426
 528.885       807.179360        28.180642
 529.369       720.651628        26.650795
 529.840       655.588405        25.436047
 530.303       618.765850        24.720607
 530.764       525.456569        22.802072
 531.222       457.498484        21.291134
 531.685       441.626587        20.921900
 532.158       379.527481        19.407387
 532.649       339.859858        18.372527
 533.173       312.318710        17.617260
 533.743       262.688009        16.165021
 534.376       219.754953        14.791522
 535.103       197.268491        14.017496
 535.989       154.523645        12.411531
 537.233       117.606712        10.831901
 543.381        61.054279         7.808952
