 494.896       209.000000       171.864223
 503.672       267.000000       194.139931
 504.992       292.000000       202.974501
 505.929       346.000000       220.826953
 506.689       332.000000       216.343718
 507.343       341.000000       219.236614
 507.929       375.000000       229.827929
 508.465       414.000000       241.388524
 508.968       367.000000       227.381541
 509.452       413.000000       241.099247
 509.918       425.000000       244.547224
 510.372       444.000000       249.905905
 510.820       451.000000       251.850391
 511.269       440.000000       248.787696
 511.720       489.000000       262.145369
 512.177       506.000000       266.617374
 512.644       495.000000       263.732737
 513.126       518.000000       269.727616
 513.636       518.000000       269.727616
 514.182       610.000000       292.429608
 514.771       658.000000       303.569568
 515.424       644.000000       300.365344
 516.188       738.000000       321.233709
 517.124       783.000000       330.731348
 518.363       871.000000       348.509764
 520.110      1203.000000       408.193689
 522.124      1546.000000       461.112052
 523.791      1752.000000       489.828014
 524.970      1726.000000       486.310839
 525.871      1807.000000       497.173495
 526.616      1790.000000       494.916567
 527.264      1726.000000       486.310839
 527.846      1729.000000       486.718165
 528.381      1726.000000       486.310839
 528.885      1682.000000       480.290925
 529.369      1629.000000       472.922510
 529.840      1708.000000       483.858573
 530.303      1539.000000       460.100184
 530.764      1588.000000       467.130982
 531.222      1529.000000       458.650259
 531.685      1492.000000       453.239766
 532.158      1445.000000       446.259848
 532.649      1497.000000       453.975182
 533.173      1398.000000       439.154732
 533.743      1468.000000       449.690831
 534.376      1362.000000       433.624007
 535.103      1335.000000       429.423599
 535.989      1272.000000       419.439918
 537.233      1150.000000       399.317290
 543.381       955.000000       364.616205
