 494.896      1614.000000       636.199626
 503.672      1560.000000       625.815261
 504.992      1627.000000       638.670815
 505.929      1631.000000       639.428984
 506.689      1684.000000       649.379109
 507.343      1651.000000       643.204491
 507.929      1560.000000       625.815261
 508.465      1651.000000       643.204491
 508.968      1693.000000       651.051429
 509.452      1577.000000       629.105491
 509.918      1586.000000       630.839469
 510.372      1589.000000       631.416256
 510.820      1532.000000       620.352756
 511.269      1554.000000       624.649293
 511.720      1567.000000       627.172442
 512.177      1553.000000       624.454725
 512.644      1582.000000       630.069484
 513.126      1531.000000       620.156655
 513.636      1517.000000       617.403826
 514.182      1469.000000       607.858230
 514.771      1473.000000       608.660164
 515.424      1511.000000       616.219773
 516.188      1492.000000       612.453159
 517.124      1408.000000       595.477694
 518.363      1378.000000       589.281493
 520.110      1165.000000       543.013144
 522.124       877.000000       472.524162
 523.791       764.000000       441.539787
 524.970       663.000000       411.741760
 525.871       586.000000       387.396414
 526.616       568.000000       381.469695
 527.264       504.000000       359.568885
 527.846       520.000000       365.172698
 528.381       438.000000       335.423318
 528.885       470.000000       347.348059
 529.369       406.000000       323.042282
 529.840       421.000000       328.905937
 530.303       414.000000       326.183127
 530.764       347.000000       298.826610
 531.222       386.000000       315.048602
 531.685       343.000000       297.111240
 532.158       318.000000       286.150743
 532.649       298.000000       277.061925
 533.173       291.000000       273.807784
 533.743       260.000000       258.893620
 534.376       239.000000       248.270594
 535.103       217.000000       236.620399
 535.989       199.000000       226.635195
 537.233       172.000000       210.757353
 543.381       144.000000       192.895344
