 494.896       510.237704        22.472892
 503.672       781.785205        27.740970
 504.992       776.434345        27.647375
 505.929       893.892140        29.629568
 506.689       927.811132        30.176058
 507.343       969.858155        30.839028
 507.929      1012.619440        31.497801
 508.465      1235.502371        34.712722
 508.968      1106.749391        32.897591
 509.452      1226.277840        34.586163
 509.918      1210.309859        34.365868
 510.372      1257.471232        35.012092
 510.820      1304.867716        35.648480
 511.269      1415.536000        37.087210
 511.720      1450.851781        37.533350
 512.177      1585.035194        39.176376
 512.644      1652.016655        39.967906
 513.126      1599.925496        39.353910
 513.636      1301.066931        35.597913
 514.182      1606.026010        39.426382
 514.771      1556.962102        38.839149
 515.424      1472.572942        37.804808
 516.188      1846.133245        42.165971
 517.124      1597.914685        39.329989
 518.363      1850.031257        42.208754
 520.110      1594.266988        39.286553
 522.124      1765.940495        41.274321
 523.791      1535.255220        38.576094
 524.970      1332.362654        36.011926
 525.871      1158.109028        33.634576
 526.616      1187.770965        34.052239
 527.264       994.915482        31.226885
 527.846       919.615055        30.044987
 528.381       870.616828        29.248203
 528.885       830.725184        28.581867
 529.369       742.551675        27.046701
 529.840       676.304189        25.829372
 530.303       639.012442        25.116642
 530.764       543.271244        23.181207
 531.222       473.542087        21.657729
 531.685       457.633804        21.294253
 532.158       393.727724        19.764293
 532.649       353.016206        18.722281
 533.173       324.820991        17.964154
 533.743       273.570235        16.494648
 534.376       229.212500        15.105023
 535.103       206.129144        14.327573
 535.989       161.801482        12.699523
 537.233       123.495169        11.099106
 543.381        64.444384         8.022551
