 494.896        70.722425         8.403713
 503.672       140.994193        11.857344
 504.992       158.729321        12.578769
 505.929       199.829122        14.107817
 506.689       224.226544        14.940582
 507.343       250.021124        15.772473
 507.929       276.358346        16.578024
 508.465       355.186789        18.779341
 508.968       335.769539        18.262385
 509.452       390.742554        19.689819
 509.918       404.487995        20.030372
 510.372       438.996668        20.860065
 510.820       476.488808        21.724364
 511.269       540.428230        23.121137
 511.720       579.581998        23.934571
 512.177       662.342905        25.564994
 512.644       723.501784        26.702672
 513.126       736.479265        26.937543
 513.636       629.434163        24.930111
 514.182       820.550021        28.409223
 514.771       846.440962        28.846347
 515.424       851.588183        28.932406
 516.188      1149.354924        33.510216
 517.124      1092.411056        32.688588
 518.363      1431.695601        37.292098
 520.110      1475.944792        37.846751
 522.124      2010.560862        43.928507
 523.791      2071.802617        44.564058
 524.970      2013.730188        43.961665
 525.871      1916.021122        42.925498
 526.616      2112.904712        44.984635
 527.264      1884.804356        42.588198
 527.846      1848.485558        42.191795
 528.381      1846.640260        42.171538
 528.885      1853.291413        42.244498
 529.369      1738.930690        40.968928
 529.840      1661.830337        40.082374
 530.303      1641.765660        39.847933
 530.764      1462.834094        37.683371
 531.222      1335.321106        36.050790
 531.685      1352.073993        36.269986
 532.158      1218.325912        34.476652
 532.649      1149.713522        33.515320
 533.173      1114.431289        33.008971
 533.743       991.669012        31.176928
 534.376       885.258681        29.488727
 535.103       857.157633        29.025217
 535.989       733.010132        26.874971
 537.233       628.719850        24.916141
 543.381       408.409689        20.126443
