 494.896      3701.000374        58.541031
 503.672      3501.459165        57.063603
 504.992      2816.929479        51.558003
 505.929      2793.516982        51.356034
 506.689      2546.607513        49.162011
 507.343      2391.851151        47.722449
 507.929      2271.389473        46.563991
 508.465      2542.012528        49.120016
 508.968      2082.442491        44.673383
 509.452      2127.091875        45.128721
 509.918      1939.726148        43.179572
 510.372      1874.471166        42.475856
 510.820      1805.421265        41.716068
 511.269      1819.153717        41.868452
 511.720      1729.565108        40.862418
 512.177      1753.647089        41.135648
 512.644      1690.931379        40.419629
 513.126      1507.809663        38.240553
 513.636      1129.192462        33.221844
 514.182      1273.399977        35.227390
 514.771      1113.779939        32.999543
 515.424       951.093963        30.545087
 516.188      1055.190327        32.139101
 517.124       782.561256        27.754517
 518.363       739.693341        26.995378
 520.110       474.653286        21.682882
 522.124       373.055476        19.242455
 523.791       243.753459        15.574503
 524.970       175.008895        13.205920
 525.871       130.853353        11.424137
 526.616       118.970609        10.894381
 527.264        89.762731         9.465811
 527.846        75.190997         8.664752
 528.381        65.111477         8.063913
 528.885        57.132879         7.554310
 529.369        47.118781         6.861077
 529.840        39.624306         6.292289
 530.303        34.771036         5.894646
 530.764        27.349090         5.228205
 531.222        22.081390         4.698046
 531.685        19.751685         4.443409
 532.158        15.738728         3.966582
 532.649        12.963633         3.600038
 533.173        10.942440         3.307574
 533.743         8.412853         2.900248
 534.376         6.346576         2.519081
 535.103         5.050433         2.247203
 535.989         3.441465         1.855055
 537.233         2.169526         1.472899
 543.381         0.807067         0.898362
