 494.896         4.000000        10.615086
 503.672         5.000000        11.867908
 504.992        13.000000        19.134895
 505.929        16.000000        21.227623
 506.689        17.000000        21.880715
 507.343        10.000000        16.782917
 507.929        14.000000        19.857021
 508.465        16.000000        21.227623
 508.968        24.000000        25.996342
 509.452        26.000000        27.057310
 509.918        30.000000        29.063050
 510.372        31.000000        29.543167
 510.820        53.000000        38.620556
 511.269        38.000000        32.706765
 511.720        39.000000        33.133991
 512.177        53.000000        38.620556
 512.644        61.000000        41.429598
 513.126        68.000000        43.739098
 513.636        54.000000        38.982808
 514.182        69.000000        44.059094
 514.771        79.000000        47.139076
 515.424        92.000000        50.863340
 516.188       148.000000        64.475992
 517.124       138.000000        62.265900
 518.363       230.000000        80.310738
 520.110       440.000000       110.845449
 522.124       852.000000       153.602613
 523.791      1149.000000       177.837205
 524.970      1362.000000       193.197850
 525.871      1432.000000       197.957746
 526.616      1492.000000       201.937501
 527.264      1648.000000       211.890607
 527.846      1660.000000       212.634264
 528.381      1814.000000       221.924352
 528.885      1851.000000       224.090129
 529.369      1903.000000       227.093273
 529.840      1985.000000       231.736585
 530.303      1958.000000       230.219848
 530.764      2130.000000       239.688609
 531.222      2139.000000       240.171880
 531.685      2137.000000       240.064587
 532.158      2287.000000       247.957543
 532.649      2312.000000       249.243792
 533.173      2311.000000       249.192497
 533.743      2421.000000       254.759818
 534.376      2505.000000       258.912901
 535.103      2560.000000       261.588232
 535.989      2688.000000       267.686313
 537.233      2697.000000       268.108570
 543.381      2939.000000       279.161967
