 494.896      1122.000000       494.822006
 503.672      1139.000000       498.469857
 504.992      1255.000000       522.616075
 505.929      1286.000000       528.863072
 506.689      1264.000000       524.438228
 507.343      1270.000000       525.649105
 507.929      1362.000000       543.841408
 508.465      1321.000000       535.818984
 508.968      1298.000000       531.259376
 509.452      1419.000000       554.779348
 509.918      1347.000000       540.921786
 510.372      1423.000000       555.537856
 510.820      1451.000000       560.815120
 511.269      1416.000000       554.209702
 511.720      1514.000000       572.488780
 512.177      1454.000000       561.377229
 512.644      1470.000000       564.364485
 513.126      1498.000000       569.549656
 513.636      1426.000000       556.105974
 514.182      1526.000000       574.681954
 514.771      1522.000000       573.951951
 515.424      1554.000000       579.762783
 516.188      1465.000000       563.432887
 517.124      1557.000000       580.304161
 518.363      1515.000000       572.671908
 520.110      1357.000000       542.870151
 522.124      1096.000000       489.185225
 523.791       922.000000       449.474183
 524.970       812.000000       422.282866
 525.871       777.000000       413.228639
 526.616       781.000000       414.274091
 527.264       747.000000       405.296178
 527.846       686.000000       388.636008
 528.381       643.000000       376.422632
 528.885       629.000000       372.354964
 529.369       633.000000       373.521914
 529.840       594.000000       361.975297
 530.303       558.000000       350.962713
 530.764       558.000000       350.962713
 531.222       490.000000       329.109460
 531.685       511.000000       336.016538
 532.158       490.000000       329.109460
 532.649       442.000000       312.725924
 533.173       461.000000       319.315459
 533.743       390.000000       293.908929
 534.376       401.000000       297.991935
 535.103       345.000000       276.558432
 535.989       313.000000       263.505340
 537.233       294.000000       255.431196
 543.381       196.000000       208.764193
