 494.896         0.093341         0.305517
 503.672         0.326441         0.571348
 504.992         0.491981         0.701410
 505.929         0.763943         0.874031
 506.689         1.029884         1.014822
 507.343         1.338065         1.156732
 507.929         1.691744         1.300649
 508.465         2.458477         1.567915
 508.968         2.639330         1.624559
 509.452         3.449762         1.857289
 509.918         3.997392         1.999268
 510.372         4.809800         2.193020
 510.820         5.806671         2.409564
 511.269         7.317151         2.704825
 511.720         8.734967         2.955240
 512.177        11.104995         3.332046
 512.644        13.555455         3.681274
 513.126        15.525804         3.939668
 513.636        14.927135         3.862988
 514.182        22.146419         4.704956
 514.771        26.463693         5.142926
 515.424        30.832535         5.550993
 516.188        49.561448         7.036499
 517.124        58.854034         7.667122
 518.363       103.949157        10.184942
 520.110       164.465826        12.803314
 522.124       365.338218        19.043865
 523.791       559.166623        23.514108
 524.970       708.548290        26.429292
 525.871       834.056980        28.638156
 526.616      1091.524012        32.675610
 527.264      1129.715263        33.229356
 527.846      1274.245932        35.238784
 528.381      1445.547740        37.466726
 528.885      1634.663996        39.764576
 529.369      1720.215310        40.755766
 529.840      1842.051493        42.121116
 530.303      2022.143905        44.049547
 530.764      2013.387095        43.958077
 531.222      2049.927366        44.338283
 531.685      2317.904332        47.015431
 532.158      2330.112857        47.133049
 532.649      2482.169844        48.568987
 533.173      2721.934441        50.732198
 533.743      2759.018510        51.056585
 534.376      2862.661088        51.949634
 535.103      3302.731587        55.538913
 535.989      3463.062385        56.773289
 537.233      3931.784150        60.188085
 543.381      4581.753134        64.512820
