 494.896      2313.702359        46.974865
 503.672      2539.283830        49.095057
 504.992      2174.223836        45.603496
 505.929      2253.173772        46.385751
 506.689      2134.080496        45.199497
 507.343      2068.467176        44.529721
 507.929      2019.916808        44.026305
 508.465      2318.775876        47.023839
 508.968      1950.174445        43.291002
 509.452      2040.208817        44.237538
 509.918      1904.294186        42.799153
 510.372      1879.878524        42.534688
 510.820      1850.752461        42.216665
 511.269      1905.767810        42.815053
 511.720      1852.406856        42.234804
 512.177      1919.870552        42.966877
 512.644      1894.056851        42.688498
 513.126      1730.452081        40.872519
 513.636      1327.701202        35.950597
 514.182      1537.574164        38.604294
 514.771      1386.151162        36.711345
 515.424      1219.745512        34.496231
 516.188      1402.751625        36.924211
 517.124      1088.592916        32.632686
 518.363      1091.827941        32.680058
 520.110       763.851592        27.425940
 522.124       664.102637        25.598476
 523.791       472.166972        21.626561
 524.970       358.520430        18.866629
 525.871       280.226555        16.692993
 526.616       263.977390        16.204435
 527.264       205.392014        14.302038
 527.846       177.107402        13.284580
 528.381       157.442046        12.527820
 528.885       141.598722        11.882665
 529.369       119.578269        10.922101
 529.840       102.946291        10.135795
 530.303        92.323455         9.599635
 530.764        74.297045         8.613167
 531.222        61.353284         7.828027
 531.685        56.142395         7.488615
 532.158        45.756655         6.761271
 532.649        38.640615         6.213755
 533.173        33.453683         5.781981
 533.743        26.418960         5.138580
 534.376        20.554356         4.532759
 535.103        16.955081         4.116957
 535.989        12.043311         3.469929
 537.233         8.029054         2.833331
 543.381         3.290527         1.813921
