 494.896    7.508    2.931
 503.672    4.284    1.854
 504.992    3.871    1.854
 505.929    4.543    2.931
 506.689    3.276    1.692
 507.343    2.639    1.311
 507.929    2.448    1.250
 508.465    2.821    1.566
 508.968    2.420    1.311
 509.452    3.300    2.072
 509.918    1.703    0.951
 510.372    1.927    1.070
 510.820    1.325    0.797
 511.269    1.271    0.769
 511.720    1.413    0.829
 512.177    1.487    0.846
 512.644    1.240    0.744
 513.126    1.681    0.904
 513.636    1.263    0.711
 514.182    1.195    0.663
 514.771    1.416    0.711
 515.424    1.194    0.598
 516.188    1.076    0.514
 517.124    1.036    0.452
 518.363    1.010    0.378
 520.110    0.459    0.240
 522.124   -0.393    0.159
 523.791   -1.088    0.135
 524.970   -1.511    0.128
 525.871   -1.859    0.119
 526.616   -2.174    0.110
 527.264   -2.328    0.108
 527.846   -2.494    0.104
 528.381   -2.665    0.099
 528.885   -2.686    0.100
 529.369   -2.818    0.095
 529.840   -2.894    0.093
 530.303   -2.919    0.092
 530.764   -2.925    0.092
 531.222   -3.000    0.089
 531.685   -3.035    0.086
 532.158   -3.078    0.083
 532.649   -3.036    0.083
 533.173   -3.038    0.079
 533.743   -2.931    0.080
 534.376   -2.885    0.077
 535.103   -2.769    0.075
 535.989   -2.605    0.073
 537.233   -2.241    0.071
 543.381   -0.433    0.065
