 494.896    3.118    0.489
 503.672    0.700    0.462
 504.992    0.208    0.444
 505.929   -0.051    0.441
 506.689   -0.198    0.446
 507.343   -0.439    0.420
 507.929   -0.515    0.424
 508.465   -0.591    0.425
 508.968   -0.656    0.421
 509.452   -0.746    0.409
 509.918   -0.798    0.406
 510.372   -0.857    0.397
 510.820   -0.842    0.403
 511.269   -0.798    0.408
 511.720   -0.868    0.395
 512.177   -0.854    0.391
 512.644   -0.865    0.387
 513.126   -0.797    0.391
 513.636   -0.735    0.390
 514.182   -0.676    0.388
 514.771   -0.633    0.380
 515.424   -0.531    0.376
 516.188   -0.291    0.387
 517.124   -0.133    0.376
 518.363    0.211    0.378
 520.110    0.516    0.369
 522.124    0.662    0.405
 523.791    0.403    0.430
 524.970    0.202    0.454
 525.871    0.059    0.472
 526.616   -0.074    0.478
 527.264   -0.161    0.486
 527.846   -0.087    0.529
 528.381   -0.211    0.516
 528.885   -0.273    0.511
 529.369   -0.222    0.534
 529.840   -0.248    0.533
 530.303   -0.187    0.553
 530.764   -0.175    0.556
 531.222   -0.138    0.569
 531.685   -0.060    0.585
 532.158    0.058    0.613
 532.649    0.137    0.622
 533.173    0.198    0.618
 533.743    0.368    0.641
 534.376    0.569    0.670
 535.103    0.699    0.661
 535.989    1.084    0.714
 537.233    1.628    0.762
 543.381    3.891    0.881
