 494.896    7.784    0.113
 503.672    4.488    0.103
 504.992    3.805    0.107
 505.929    3.222    0.105
 506.689    2.844    0.106
 507.343    2.530    0.107
 507.929    2.265    0.107
 508.465    1.871    0.101
 508.968    1.817    0.106
 509.452    1.569    0.104
 509.918    1.438    0.105
 510.372    1.291    0.105
 510.820    1.140    0.105
 511.269    0.977    0.102
 511.720    0.845    0.102
 512.177    0.690    0.099
 512.644    0.554    0.099
 513.126    0.527    0.100
 513.636    0.686    0.109
 514.182    0.424    0.101
 514.771    0.401    0.102
 515.424    0.442    0.104
 516.188    0.237    0.095
 517.124    0.390    0.098
 518.363    0.298    0.091
 520.110    0.398    0.090
 522.124   -0.199    0.078
 523.791   -0.810    0.074
 524.970   -1.226    0.072
 525.871   -1.504    0.070
 526.616   -1.846    0.066
 527.264   -1.930    0.067
 527.846   -2.076    0.066
 528.381   -2.213    0.064
 528.885   -2.325    0.063
 529.369   -2.354    0.063
 529.840   -2.388    0.062
 530.303   -2.441    0.000
 530.764   -2.385    0.062
 531.222   -2.358    0.062
 531.685   -2.402    0.060
 532.158   -2.331    0.061
 532.649   -2.286    0.060
 533.173   -2.244    0.059
 533.743   -2.097    0.059
 534.376   -1.947    0.059
 535.103   -1.848    0.058
 535.989   -1.564    0.057
 537.233   -1.138    0.056
 543.381    0.980    0.056
