 494.896    5.128    1.085
 503.672    2.431    0.893
 504.992    1.862    0.825
 505.929    1.765    0.889
 506.689    1.238    0.743
 507.343    1.095    0.736
 507.929    0.866    0.689
 508.465    0.904    0.730
 508.968    0.733    0.685
 509.452    0.628    0.662
 509.918    0.576    0.658
 510.372    0.487    0.633
 510.820    0.449    0.625
 511.269    0.390    0.602
 511.720    0.313    0.581
 512.177    0.299    0.567
 512.644    0.276    0.558
 513.126    0.231    0.532
 513.636    0.277    0.527
 514.182    0.271    0.507
 514.771    0.334    0.502
 515.424    0.356    0.477
 516.188    0.409    0.446
 517.124    0.503    0.420
 518.363    0.748    0.402
 520.110    0.725    0.332
 522.124    0.232    0.263
 523.791   -0.270    0.246
 524.970   -0.660    0.236
 525.871   -0.919    0.231
 526.616   -1.060    0.233
 527.264   -1.198    0.231
 527.846   -1.362    0.223
 528.381   -1.396    0.227
 528.885   -1.394    0.233
 529.369   -1.509    0.223
 529.840   -1.435    0.235
 530.303   -1.527    0.225
 530.764   -1.530    0.225
 531.222   -1.516    0.227
 531.685   -1.479    0.229
 532.158   -1.472    0.227
 532.649   -1.373    0.233
 533.173   -1.308    0.232
 533.743   -1.209    0.232
 534.376   -1.081    0.234
 535.103   -0.867    0.241
 535.989   -0.642    0.240
 537.233   -0.221    0.240
 543.381    1.899    0.259
