 494.896    1.264    0.184
 503.672   -1.025    0.186
 504.992   -1.404    0.189
 505.929   -1.656    0.188
 506.689   -1.866    0.184
 507.343   -1.938    0.189
 507.929   -2.078    0.185
 508.465   -2.119    0.189
 508.968   -2.180    0.187
 509.452   -2.206    0.188
 509.918   -2.260    0.187
 510.372   -2.296    0.184
 510.820   -2.253    0.190
 511.269   -2.237    0.190
 511.720   -2.226    0.192
 512.177   -2.147    0.196
 512.644   -2.174    0.193
 513.126   -2.127    0.192
 513.636   -2.054    0.193
 514.182   -1.959    0.196
 514.771   -1.903    0.193
 515.424   -1.782    0.193
 516.188   -1.547    0.198
 517.124   -1.304    0.201
 518.363   -0.883    0.210
 520.110   -0.220    0.247
 522.124    0.678    0.396
 523.791    1.424    0.696
 524.970    1.406    0.805
 525.871    1.572    0.975
 526.616    1.559    1.047
 527.264    1.534    1.099
 527.846    1.855    1.352
 528.381    1.368    1.099
 528.885    1.305    1.090
 529.369    1.413    1.171
 529.840    1.393    1.171
 530.303    1.308    1.128
 530.764    1.440    1.206
 531.222    1.373    1.171
 531.685    1.565    1.273
 532.158    1.971    1.542
 532.649    1.785    1.370
 533.173    1.625    1.219
 533.743    2.010    1.408
 534.376    2.211    1.470
 535.103    2.127    1.303
 535.989    2.838    1.657
 537.233    3.377    1.761
 543.381    5.443    1.843
