 494.896    0.288    0.000
 503.672   -1.964    0.122
 504.992   -2.159    0.127
 505.929   -2.396    0.125
 506.689   -2.471    0.126
 507.343   -2.535    0.127
 507.929   -2.579    0.127
 508.465   -2.771    0.122
 508.968   -2.615    0.127
 509.452   -2.673    0.125
 509.918   -2.619    0.127
 510.372   -2.597    0.127
 510.820   -2.574    0.126
 511.269   -2.565    0.125
 511.720   -2.520    0.125
 512.177   -2.501    0.123
 512.644   -2.455    0.122
 513.126   -2.289    0.124
 513.636   -1.937    0.131
 514.182   -1.987    0.125
 514.771   -1.769    0.126
 515.424   -1.489    0.128
 516.188   -1.408    0.121
 517.124   -0.893    0.125
 518.363   -0.505    0.120
 520.110    0.290    0.121
 522.124    0.494    0.114
 523.791    0.545    0.112
 524.970    0.568    0.111
 525.871    0.641    0.110
 526.616    0.581    0.108
 527.264    0.741    0.109
 527.846    0.825    0.108
 528.381    0.896    0.107
 528.885    0.980    0.106
 529.369    1.138    0.106
 529.840    1.291    0.106
 530.303    1.411    0.106
 530.764    1.649    0.106
 531.222    1.856    0.106
 531.685    1.992    0.105
 532.158    2.242    0.106
 532.649    2.486    0.105
 533.173    2.730    0.105
 533.743    3.090    0.105
 534.376    3.486    0.105
 535.103    3.871    0.104
 535.989    4.487    0.104
 537.233    5.365    0.104
 543.381    8.328    0.105
