 494.896    8.738    0.137
 503.672    4.958    0.276
 504.992    4.476    0.132
 505.929    3.813    0.131
 506.689    3.339    0.132
 507.343    3.068    0.136
 507.929    2.668    0.136
 508.465    2.318    0.132
 508.968    2.243    0.137
 509.452    1.964    0.136
 509.918    1.624    0.138
 510.372    1.636    0.140
 510.820    1.489    0.140
 511.269    1.172    0.136
 511.720    1.087    0.137
 512.177    0.999    0.138
 512.644    0.698    0.135
 513.126    0.635    0.136
 513.636    0.791    0.148
 514.182    0.585    0.140
 514.771    0.483    0.141
 515.424    0.663    0.148
 516.188    0.487    0.139
 517.124    0.486    0.141
 518.363    0.636    0.142
 520.110    1.009    0.152
 522.124    1.168    0.140
 523.791    0.770    0.135
 524.970    0.556    0.124
 525.871    0.151    0.135
 526.616   -0.058    0.115
 527.264   -0.142    0.116
 527.846   -0.405    0.133
 528.381   -0.453    0.120
 528.885   -0.709    0.000
 529.369   -0.582    0.106
 529.840   -0.595    0.111
 530.303   -0.615    0.102
 530.764   -0.558    0.102
 531.222   -0.537    0.103
 531.685   -0.600    0.111
 532.158   -0.537    0.112
 532.649   -0.524    0.122
 533.173   -0.345    0.099
 533.743   -0.269    0.114
 534.376   -0.034    0.100
 535.103    0.105    0.100
 535.989    0.462    0.100
 537.233    1.054    0.097
 543.381    3.344    0.167
