 494.896    1.875    0.398
 503.672   -0.408    0.403
 504.992   -0.778    0.412
 505.929   -1.056    0.405
 506.689   -1.153    0.420
 507.343   -1.352    0.404
 507.929   -1.423    0.410
 508.465   -1.468    0.417
 508.968   -1.536    0.412
 509.452   -1.516    0.424
 509.918   -1.557    0.424
 510.372   -1.561    0.426
 510.820   -1.611    0.418
 511.269   -1.555    0.426
 511.720   -1.544    0.430
 512.177   -1.516    0.429
 512.644   -1.508    0.429
 513.126   -1.477    0.424
 513.636   -1.381    0.431
 514.182   -1.283    0.438
 514.771   -1.195    0.439
 515.424   -1.016    0.452
 516.188   -0.814    0.456
 517.124   -0.559    0.465
 518.363   -0.167    0.479
 520.110    0.413    0.539
 522.124    0.930    0.714
 523.791    0.900    0.851
 524.970    0.789    0.940
 525.871    0.786    1.047
 526.616    0.682    1.074
 527.264    0.685    1.144
 527.846    0.556    1.123
 528.381    0.507    1.137
 528.885    0.552    1.190
 529.369    0.475    1.165
 529.840    0.637    1.277
 530.303    0.545    1.225
 530.764    0.752    1.361
 531.222    0.744    1.361
 531.685    0.770    1.361
 532.158    0.887    1.428
 532.649    1.036    1.500
 533.173    1.124    1.511
 533.743    1.316    1.585
 534.376    1.462    1.610
 535.103    1.746    1.715
 535.989    1.925    1.670
 537.233    2.604    1.905
 543.381    4.734    2.060
