 494.896    2.823    0.441
 503.672    0.500    0.438
 504.992   -0.010    0.416
 505.929   -0.279    0.411
 506.689   -0.429    0.415
 507.343   -0.561    0.414
 507.929   -0.726    0.399
 508.465   -0.775    0.406
 508.968   -0.802    0.409
 509.452   -0.927    0.391
 509.918   -0.914    0.402
 510.372   -0.981    0.390
 510.820   -1.015    0.387
 511.269   -0.973    0.391
 511.720   -1.046    0.378
 512.177   -0.973    0.386
 512.644   -0.974    0.384
 513.126   -0.942    0.380
 513.636   -0.829    0.390
 514.182   -0.827    0.377
 514.771   -0.741    0.377
 515.424   -0.639    0.373
 516.188   -0.395    0.385
 517.124   -0.240    0.373
 518.363    0.119    0.378
 520.110    0.580    0.400
 522.124    0.757    0.446
 523.791    0.555    0.487
 524.970    0.374    0.520
 525.871    0.201    0.532
 526.616    0.040    0.530
 527.264   -0.037    0.543
 527.846   -0.045    0.567
 528.381   -0.053    0.585
 528.885   -0.078    0.592
 529.369   -0.118    0.590
 529.840   -0.075    0.609
 530.303   -0.023    0.629
 530.764   -0.025    0.629
 531.222    0.097    0.672
 531.685    0.080    0.658
 532.158    0.145    0.672
 532.649    0.298    0.708
 533.173    0.330    0.693
 533.743    0.594    0.754
 534.376    0.681    0.743
 535.103    0.988    0.802
 535.989    1.318    0.842
 537.233    1.796    0.869
 543.381    4.176    1.065
