 494.896    4.568    0.115
 503.672    1.690    0.110
 504.992    1.216    0.115
 505.929    0.783    0.113
 506.689    0.536    0.114
 507.343    0.330    0.114
 507.929    0.161    0.115
 508.465   -0.145    0.109
 508.968   -0.108    0.114
 509.452   -0.274    0.112
 509.918   -0.325    0.113
 510.372   -0.399    0.113
 510.820   -0.474    0.113
 511.269   -0.562    0.111
 511.720   -0.617    0.110
 512.177   -0.697    0.108
 512.644   -0.754    0.107
 513.126   -0.697    0.109
 513.636   -0.454    0.117
 514.182   -0.624    0.109
 514.771   -0.543    0.110
 515.424   -0.398    0.112
 516.188   -0.478    0.104
 517.124   -0.167    0.108
 518.363   -0.049    0.101
 520.110    0.355    0.100
 522.124    0.105    0.000
 523.791   -0.221    0.087
 524.970   -0.448    0.086
 525.871   -0.574    0.085
 526.616   -0.794    0.082
 527.264   -0.773    0.082
 527.846   -0.819    0.081
 528.381   -0.866    0.080
 528.885   -0.892    0.079
 529.369   -0.841    0.079
 529.840   -0.793    0.079
 530.303   -0.771    0.078
 530.764   -0.636    0.078
 531.222   -0.531    0.079
 531.685   -0.497    0.077
 532.158   -0.349    0.078
 532.649   -0.217    0.077
 533.173   -0.087    0.077
 533.743    0.152    0.077
 534.376    0.409    0.077
 535.103    0.632    0.076
 535.989    1.061    0.076
 537.233    1.685    0.075
 543.381    4.194    0.075
