 494.896    5.411    0.111
 503.672    2.420    0.105
 504.992    1.892    0.109
 505.929    1.419    0.107
 506.689    1.138    0.109
 507.343    0.904    0.109
 507.929    0.709    0.109
 508.465    0.380    0.103
 508.968    0.394    0.109
 509.452    0.207    0.106
 509.918    0.135    0.108
 510.372    0.042    0.107
 510.820   -0.053    0.107
 511.269   -0.161    0.105
 511.720   -0.236    0.105
 512.177   -0.335    0.102
 512.644   -0.413    0.101
 513.126   -0.378    0.103
 513.636   -0.157    0.111
 514.182   -0.351    0.103
 514.771   -0.297    0.104
 515.424   -0.179    0.106
 516.188   -0.292    0.097
 517.124   -0.022    0.101
 518.363    0.041    0.094
 520.110    0.367    0.093
 522.124    0.026    0.082
 523.791   -0.375    0.078
 524.970   -0.651    0.076
 525.871   -0.817    0.075
 526.616   -1.069    0.000
 527.264   -1.075    0.072
 527.846   -1.147    0.071
 528.381   -1.218    0.069
 528.885   -1.266    0.068
 529.369   -1.236    0.068
 529.840   -1.210    0.067
 530.303   -1.207    0.067
 530.764   -1.093    0.067
 531.222   -1.008    0.067
 531.685   -0.994    0.066
 532.158   -0.866    0.066
 532.649   -0.757    0.066
 533.173   -0.650    0.065
 533.743   -0.435    0.065
 534.376   -0.206    0.065
 535.103   -0.015    0.064
 535.989    0.376    0.063
 537.233    0.948    0.063
 543.381    3.360    0.063
