 494.896    1.249    0.122
 503.672   -1.151    0.000
 504.992   -1.409    0.124
 505.929   -1.690    0.122
 506.689   -1.803    0.123
 507.343   -1.898    0.124
 507.929   -1.970    0.124
 508.465   -2.188    0.119
 508.968   -2.059    0.124
 509.452   -2.140    0.122
 509.918   -2.110    0.124
 510.372   -2.109    0.124
 510.820   -2.108    0.123
 511.269   -2.120    0.122
 511.720   -2.098    0.122
 512.177   -2.101    0.120
 512.644   -2.078    0.119
 513.126   -1.936    0.121
 513.636   -1.608    0.128
 514.182   -1.685    0.122
 514.771   -1.497    0.123
 515.424   -1.247    0.125
 516.188   -1.202    0.118
 517.124   -0.732    0.122
 518.363   -0.404    0.117
 520.110    0.305    0.117
 522.124    0.408    0.110
 523.791    0.374    0.108
 524.970    0.342    0.107
 525.871    0.371    0.107
 526.616    0.275    0.104
 527.264    0.404    0.105
 527.846    0.459    0.104
 528.381    0.504    0.103
 528.885    0.564    0.103
 529.369    0.698    0.103
 529.840    0.828    0.102
 530.303    0.926    0.102
 530.764    1.141    0.102
 531.222    1.325    0.102
 531.685    1.439    0.101
 532.158    1.666    0.102
 532.649    1.885    0.101
 533.173    2.103    0.101
 533.743    2.436    0.101
 534.376    2.802    0.101
 535.103    3.151    0.100
 535.989    3.725    0.100
 537.233    4.547    0.100
 543.381    7.414    0.101
