 494.896    4.441    0.822
 503.672    1.889    0.727
 504.992    1.386    0.695
 505.929    0.972    0.638
 506.689    0.845    0.652
 507.343    0.692    0.643
 507.929    0.501    0.613
 508.465    0.323    0.583
 508.968    0.399    0.620
 509.452    0.245    0.584
 509.918    0.178    0.575
 510.372    0.122    0.563
 510.820    0.092    0.558
 511.269    0.133    0.565
 511.720    0.022    0.536
 512.177    0.021    0.527
 512.644    0.052    0.533
 513.126    0.058    0.521
 513.636    0.121    0.521
 514.182    0.028    0.479
 514.771    0.036    0.461
 515.424    0.179    0.466
 516.188    0.228    0.435
 517.124    0.386    0.422
 518.363    0.610    0.400
 520.110    0.639    0.339
 522.124    0.351    0.298
 523.791   -0.149    0.280
 524.970   -0.442    0.282
 525.871   -0.705    0.275
 526.616   -0.852    0.276
 527.264   -0.937    0.282
 527.846   -1.032    0.282
 528.381   -1.103    0.282
 528.885   -1.123    0.286
 529.369   -1.126    0.290
 529.840   -1.194    0.283
 530.303   -1.100    0.299
 530.764   -1.133    0.294
 531.222   -1.103    0.300
 531.685   -1.054    0.304
 532.158   -0.999    0.309
 532.649   -0.984    0.303
 533.173   -0.842    0.314
 533.743   -0.793    0.306
 534.376   -0.604    0.318
 535.103   -0.427    0.322
 535.989   -0.147    0.330
 537.233    0.370    0.347
 543.381    2.531    0.382
