 494.896    3.484    0.122
 503.672    0.757    0.118
 504.992    0.354    0.123
 505.929   -0.030    0.121
 506.689   -0.233    0.122
 507.343   -0.402    0.123
 507.929   -0.540    0.123
 508.465   -0.817    0.118
 508.968   -0.750    0.123
 509.452   -0.887    0.120
 509.918   -0.912    0.122
 510.372   -0.961    0.122
 510.820   -1.011    0.121
 511.269   -1.074    0.119
 511.720   -1.104    0.119
 512.177   -1.158    0.117
 512.644   -1.189    0.117
 513.126   -1.105    0.118
 513.636   -0.833    0.125
 514.182   -0.973    0.119
 514.771   -0.856    0.120
 515.424   -0.677    0.122
 516.188   -0.716    0.000
 517.124   -0.353    0.118
 518.363   -0.165    0.112
 520.110    0.339    0.112
 522.124    0.205    0.104
 523.791   -0.026    0.102
 524.970   -0.189    0.101
 525.871   -0.264    0.100
 526.616   -0.443    0.097
 527.264   -0.387    0.098
 527.846   -0.399    0.097
 528.381   -0.416    0.096
 528.885   -0.414    0.095
 529.369   -0.335    0.095
 529.840   -0.261    0.095
 530.303   -0.214    0.095
 530.764   -0.053    0.095
 531.222    0.078    0.095
 531.685    0.139    0.094
 532.158    0.313    0.094
 532.649    0.474    0.094
 533.173    0.632    0.094
 533.743    0.902    0.094
 534.376    1.195    0.094
 535.103    1.460    0.093
 535.989    1.936    0.093
 537.233    2.625    0.092
 543.381    5.256    0.093
