 494.896    3.309    0.498
 503.672    0.937    0.482
 504.992    0.444    0.462
 505.929    0.162    0.454
 506.689   -0.001    0.455
 507.343   -0.086    0.465
 507.929   -0.312    0.435
 508.465   -0.285    0.459
 508.968   -0.450    0.432
 509.452   -0.424    0.446
 509.918   -0.487    0.440
 510.372   -0.482    0.444
 510.820   -0.491    0.445
 511.269   -0.537    0.431
 511.720   -0.596    0.419
 512.177   -0.495    0.434
 512.644   -0.490    0.434
 513.126   -0.443    0.432
 513.636   -0.439    0.419
 514.182   -0.325    0.429
 514.771   -0.240    0.429
 515.424   -0.143    0.424
 516.188    0.025    0.420
 517.124    0.219    0.415
 518.363    0.516    0.408
 520.110    0.724    0.379
 522.124    0.524    0.349
 523.791    0.182    0.355
 524.970   -0.136    0.353
 525.871   -0.302    0.362
 526.616   -0.406    0.372
 527.264   -0.486    0.380
 527.846   -0.510    0.394
 528.381   -0.601    0.390
 528.885   -0.581    0.404
 529.369   -0.590    0.409
 529.840   -0.566    0.418
 530.303   -0.502    0.435
 530.764   -0.504    0.435
 531.222   -0.467    0.445
 531.685   -0.360    0.464
 532.158   -0.404    0.448
 532.649   -0.279    0.465
 533.173   -0.120    0.486
 533.743    0.027    0.499
 534.376    0.242    0.525
 535.103    0.486    0.548
 535.989    0.792    0.569
 537.233    1.330    0.605
 543.381    3.622    0.711
