 494.896    7.200    2.654
 503.672    4.670    2.374
 504.992    3.301    1.472
 505.929    2.849    1.327
 506.689    2.620    1.287
 507.343    3.025    1.678
 507.929    2.592    1.418
 508.465    2.379    1.327
 508.968    1.930    1.083
 509.452    1.813    1.041
 509.918    1.632    0.969
 510.372    1.586    0.953
 510.820    1.036    0.729
 511.269    1.386    0.861
 511.720    1.354    0.850
 512.177    1.080    0.729
 512.644    0.949    0.679
 513.126    0.892    0.643
 513.636    1.185    0.722
 514.182    1.010    0.639
 514.771    0.958    0.597
 515.424    0.928    0.553
 516.188    0.638    0.436
 517.124    0.925    0.451
 518.363    0.745    0.349
 520.110    0.447    0.252
 522.124   -0.250    0.180
 523.791   -0.924    0.155
 524.970   -1.402    0.142
 525.871   -1.669    0.138
 526.616   -1.867    0.135
 527.264   -2.088    0.129
 527.846   -2.188    0.128
 528.381   -2.350    0.122
 528.885   -2.416    0.121
 529.369   -2.478    0.119
 529.840   -2.541    0.117
 530.303   -2.538    0.118
 530.764   -2.624    0.113
 531.222   -2.636    0.112
 531.685   -2.610    0.112
 532.158   -2.655    0.108
 532.649   -2.616    0.108
 533.173   -2.541    0.108
 533.743   -2.491    0.105
 534.376   -2.411    0.103
 535.103   -2.275    0.102
 535.989   -2.092    0.100
 537.233   -1.679    0.099
 543.381    0.210    0.095
