 494.896    6.624    0.111
 503.672    3.474    0.103
 504.992    2.867    0.108
 505.929    2.338    0.106
 506.689    2.007    0.107
 507.343    1.733    0.107
 507.929    1.502    0.108
 508.465    1.140    0.102
 508.968    1.119    0.107
 509.452    0.901    0.105
 509.918    0.799    0.106
 510.372    0.678    0.106
 510.820    0.555    0.105
 511.269    0.419    0.103
 511.720    0.315    0.103
 512.177    0.187    0.100
 512.644    0.079    0.099
 513.126    0.083    0.101
 513.636    0.273    0.109
 514.182    0.044    0.101
 514.771    0.059    0.103
 515.424    0.137    0.104
 516.188   -0.022    0.096
 517.124    0.188    0.099
 518.363    0.172    0.091
 520.110    0.383    0.091
 522.124   -0.089    0.079
 523.791   -0.596    0.075
 524.970   -0.944    0.073
 525.871   -1.167    0.072
 526.616   -1.465    0.068
 527.264   -1.511    0.069
 527.846   -1.621    0.067
 528.381   -1.725    0.066
 528.885   -1.806    0.000
 529.369   -1.806    0.064
 529.840   -1.811    0.064
 530.303   -1.836    0.063
 530.764   -1.752    0.063
 531.222   -1.696    0.064
 531.685   -1.712    0.062
 532.158   -1.613    0.062
 532.649   -1.536    0.062
 533.173   -1.463    0.061
 533.743   -1.283    0.061
 534.376   -1.094    0.061
 535.103   -0.950    0.060
 535.989   -0.613    0.059
 537.233   -0.115    0.058
 543.381    2.150    0.058
