 494.896    6.956    1.635
 503.672    4.648    1.635
 504.992    4.235    1.635
 505.929    3.991    1.635
 506.689    4.228    2.002
 507.343    3.186    1.266
 507.929    2.620    1.001
 508.465    2.674    1.070
 508.968    2.091    0.817
 509.452    2.930    1.266
 509.918    2.016    0.817
 510.372    2.091    0.854
 510.820    1.766    0.731
 511.269    1.658    0.687
 511.720    2.539    1.070
 512.177    1.523    0.633
 512.644    1.583    0.649
 513.126    1.401    0.578
 513.636    1.598    0.618
 514.182    1.074    0.459
 514.771    1.269    0.485
 515.424    1.255    0.453
 516.188    1.191    0.400
 517.124    1.086    0.341
 518.363    0.969    0.272
 520.110    0.627    0.192
 522.124   -0.420    0.116
 523.791   -1.176    0.095
 524.970   -1.652    0.087
 525.871   -2.027    0.081
 526.616   -2.271    0.077
 527.264   -2.443    0.075
 527.846   -2.642    0.071
 528.381   -2.739    0.070
 528.885   -2.881    0.067
 529.369   -2.909    0.067
 529.840   -2.978    0.065
 530.303   -3.097    0.062
 530.764   -3.081    0.062
 531.222   -3.197    0.059
 531.685   -3.206    0.058
 532.158   -3.175    0.058
 532.649   -3.203    0.056
 533.173   -3.201    0.054
 533.743   -3.118    0.053
 534.376   -3.064    0.052
 535.103   -2.947    0.051
 535.989   -2.765    0.049
 537.233   -2.435    0.047
 543.381   -0.578    0.044
