 494.896    0.999    0.148
 503.672   -1.244    0.153
 504.992   -1.603    0.157
 505.929   -1.802    0.161
 506.689   -1.926    0.165
 507.343   -2.021    0.168
 507.929   -2.103    0.169
 508.465   -2.184    0.169
 508.968   -2.186    0.172
 509.452   -2.222    0.173
 509.918   -2.227    0.176
 510.372   -2.186    0.181
 510.820   -2.199    0.181
 511.269   -2.166    0.182
 511.720   -2.109    0.188
 512.177   -2.114    0.185
 512.644   -2.065    0.188
 513.126   -1.978    0.192
 513.636   -1.881    0.195
 514.182   -1.814    0.195
 514.771   -1.658    0.202
 515.424   -1.477    0.209
 516.188   -1.257    0.212
 517.124   -0.966    0.221
 518.363   -0.479    0.239
 520.110    0.224    0.286
 522.124    0.957    0.422
 523.791    1.220    0.581
 524.970    1.504    0.782
 525.871    1.213    0.754
 526.616    1.131    0.782
 527.264    1.235    0.876
 527.846    1.039    0.832
 528.381    1.211    0.940
 528.885    0.999    0.865
 529.369    1.364    1.057
 529.840    1.152    0.961
 530.303    1.156    0.968
 530.764    1.385    1.086
 531.222    1.323    1.057
 531.685    1.297    1.030
 532.158    1.564    1.164
 532.649    1.658    1.190
 533.173    2.012    1.369
 533.743    1.922    1.246
 534.376    2.614    1.664
 535.103    2.611    1.536
 535.989    3.048    1.702
 537.233    3.722    1.936
 543.381    5.311    1.596
