 494.896    4.521    0.115
 503.672    1.649    0.110
 504.992    1.179    0.115
 505.929    0.747    0.113
 506.689    0.502    0.114
 507.343    0.299    0.114
 507.929    0.131    0.115
 508.465   -0.174    0.109
 508.968   -0.136    0.114
 509.452   -0.300    0.112
 509.918   -0.350    0.113
 510.372   -0.423    0.113
 510.820   -0.497    0.113
 511.269   -0.584    0.111
 511.720   -0.638    0.110
 512.177   -0.717    0.108
 512.644   -0.773    0.107
 513.126   -0.715    0.109
 513.636   -0.470    0.117
 514.182   -0.639    0.109
 514.771   -0.556    0.110
 515.424   -0.410    0.112
 516.188   -0.489    0.104
 517.124   -0.175    0.108
 518.363   -0.054    0.101
 520.110    0.354    0.100
 522.124    0.109    0.000
 523.791   -0.213    0.087
 524.970   -0.437    0.086
 525.871   -0.561    0.085
 526.616   -0.779    0.082
 527.264   -0.756    0.082
 527.846   -0.801    0.081
 528.381   -0.846    0.080
 528.885   -0.872    0.079
 529.369   -0.819    0.079
 529.840   -0.770    0.079
 530.303   -0.747    0.078
 530.764   -0.611    0.078
 531.222   -0.505    0.079
 531.685   -0.469    0.077
 532.158   -0.320    0.078
 532.649   -0.187    0.077
 533.173   -0.056    0.077
 533.743    0.184    0.077
 534.376    0.443    0.077
 535.103    0.668    0.076
 535.989    1.099    0.076
 537.233    1.726    0.075
 543.381    4.240    0.075
