 494.896    3.927    0.653
 503.672    1.523    0.622
 504.992    1.026    0.597
 505.929    0.738    0.584
 506.689    0.436    0.546
 507.343    0.317    0.548
 507.929    0.234    0.551
 508.465    0.096    0.535
 508.968    0.065    0.539
 509.452    0.013    0.534
 509.918   -0.061    0.525
 510.372   -0.113    0.514
 510.820   -0.152    0.508
 511.269   -0.158    0.502
 511.720   -0.090    0.521
 512.177   -0.221    0.480
 512.644   -0.172    0.490
 513.126   -0.142    0.484
 513.636   -0.089    0.482
 514.182   -0.047    0.475
 514.771    0.026    0.472
 515.424    0.088    0.458
 516.188    0.167    0.434
 517.124    0.392    0.436
 518.363    0.581    0.405
 520.110    0.737    0.367
 522.124    0.336    0.304
 523.791   -0.108    0.294
 524.970   -0.420    0.293
 525.871   -0.586    0.301
 526.616   -0.733    0.302
 527.264   -0.823    0.307
 527.846   -0.848    0.318
 528.381   -0.861    0.328
 528.885   -0.923    0.326
 529.369   -0.939    0.329
 529.840   -0.966    0.328
 530.303   -0.937    0.334
 530.764   -0.903    0.340
 531.222   -0.902    0.342
 531.685   -0.848    0.347
 532.158   -0.804    0.351
 532.649   -0.657    0.369
 533.173   -0.564    0.372
 533.743   -0.385    0.388
 534.376   -0.259    0.391
 535.103   -0.043    0.403
 535.989    0.265    0.418
 537.233    0.804    0.445
 543.381    2.982    0.494
