 494.896    2.339    0.394
 503.672    0.065    0.401
 504.992   -0.390    0.393
 505.929   -0.637    0.392
 506.689   -0.837    0.386
 507.343   -0.943    0.390
 507.929   -0.982    0.401
 508.465   -1.118    0.390
 508.968   -1.188    0.385
 509.452   -1.153    0.399
 509.918   -1.198    0.398
 510.372   -1.212    0.397
 510.820   -1.189    0.405
 511.269   -1.187    0.402
 511.720   -1.201    0.400
 512.177   -1.159    0.402
 512.644   -1.168    0.398
 513.126   -1.084    0.405
 513.636   -1.011    0.407
 514.182   -0.910    0.414
 514.771   -0.829    0.413
 515.424   -0.732    0.408
 516.188   -0.534    0.410
 517.124   -0.259    0.423
 518.363    0.093    0.428
 520.110    0.612    0.466
 522.124    0.860    0.539
 523.791    0.623    0.578
 524.970    0.457    0.621
 525.871    0.363    0.661
 526.616    0.238    0.672
 527.264    0.236    0.713
 527.846    0.111    0.702
 528.381    0.210    0.766
 528.885    0.093    0.739
 529.369    0.205    0.796
 529.840    0.149    0.781
 530.303    0.155    0.788
 530.764    0.329    0.861
 531.222    0.215    0.816
 531.685    0.358    0.866
 532.158    0.457    0.900
 532.649    0.572    0.930
 533.173    0.670    0.941
 533.743    0.879    0.996
 534.376    1.078    1.039
 535.103    1.331    1.090
 535.989    1.650    1.139
 537.233    2.212    1.225
 543.381    4.364    1.340
