 494.896    4.333    0.115
 503.672    1.487    0.110
 504.992    1.029    0.115
 505.929    0.606    0.113
 506.689    0.369    0.114
 507.343    0.171    0.114
 507.929    0.009    0.115
 508.465   -0.291    0.109
 508.968   -0.248    0.114
 509.452   -0.407    0.112
 509.918   -0.452    0.113
 510.372   -0.521    0.113
 510.820   -0.591    0.113
 511.269   -0.674    0.111
 511.720   -0.723    0.110
 512.177   -0.797    0.108
 512.644   -0.849    0.107
 513.126   -0.786    0.109
 513.636   -0.536    0.117
 514.182   -0.700    0.109
 514.771   -0.611    0.110
 515.424   -0.458    0.112
 516.188   -0.530    0.104
 517.124   -0.208    0.108
 518.363   -0.075    0.101
 520.110    0.352    0.100
 522.124    0.127    0.000
 523.791   -0.179    0.087
 524.970   -0.392    0.086
 525.871   -0.507    0.085
 526.616   -0.718    0.082
 527.264   -0.689    0.082
 527.846   -0.728    0.081
 528.381   -0.768    0.080
 528.885   -0.789    0.079
 529.369   -0.731    0.079
 529.840   -0.678    0.079
 530.303   -0.650    0.078
 530.764   -0.509    0.078
 531.222   -0.399    0.079
 531.685   -0.359    0.077
 532.158   -0.205    0.078
 532.649   -0.067    0.077
 533.173    0.069    0.077
 533.743    0.315    0.077
 534.376    0.580    0.077
 535.103    0.812    0.076
 535.989    1.251    0.076
 537.233    1.889    0.075
 543.381    4.425    0.075
