 494.896    2.299    0.123
 503.672   -0.258    0.119
 504.992   -0.584    0.124
 505.929   -0.913    0.122
 506.689   -1.068    0.123
 507.343   -1.198    0.124
 507.929   -1.301    0.124
 508.465   -1.546    0.119
 508.968   -1.446    0.124
 509.452   -1.554    0.122
 509.918   -1.549    0.123
 510.372   -1.572    0.123
 510.820   -1.595    0.123
 511.269   -1.631    0.121
 511.720   -1.633    0.121
 512.177   -1.660    0.119
 512.644   -1.662    0.000
 513.126   -1.547    0.120
 513.636   -1.245    0.127
 514.182   -1.352    0.121
 514.771   -1.197    0.122
 515.424   -0.980    0.124
 516.188   -0.975    0.117
 517.124   -0.554    0.120
 518.363   -0.292    0.114
 520.110    0.321    0.115
 522.124    0.314    0.107
 523.791    0.187    0.105
 524.970    0.093    0.104
 525.871    0.074    0.104
 526.616   -0.062    0.101
 527.264    0.034    0.102
 527.846    0.057    0.101
 528.381    0.073    0.100
 528.885    0.106    0.099
 529.369    0.214    0.099
 529.840    0.318    0.099
 530.303    0.392    0.098
 530.764    0.582    0.099
 531.222    0.741    0.099
 531.685    0.830    0.098
 532.158    1.032    0.098
 532.649    1.224    0.098
 533.173    1.415    0.098
 533.743    1.718    0.098
 534.376    2.049    0.098
 535.103    2.359    0.097
 535.989    2.888    0.097
 537.233    3.648    0.096
 543.381    6.405    0.097
