 494.896    8.939    0.112
 503.672    5.501    0.100
 504.992    4.743    0.105
 505.929    4.106    0.103
 506.689    3.681    0.104
 507.343    3.327    0.104
 507.929    3.027    0.104
 508.465    2.602    0.098
 508.968    2.516    0.104
 509.452    2.238    0.101
 509.918    2.078    0.103
 510.372    1.904    0.103
 510.820    1.725    0.102
 511.269    1.535    0.100
 511.720    1.376    0.100
 512.177    1.193    0.097
 512.644    1.028    0.096
 513.126    0.971    0.098
 513.636    1.100    0.106
 514.182    0.805    0.098
 514.771    0.744    0.099
 515.424    0.747    0.101
 516.188    0.497    0.092
 517.124    0.592    0.096
 518.363    0.423    0.088
 520.110    0.413    0.087
 522.124   -0.311    0.074
 523.791   -1.023    0.070
 524.970   -1.507    0.068
 525.871   -1.840    0.066
 526.616   -2.226    0.062
 527.264   -2.349    0.062
 527.846   -2.530    0.061
 528.381   -2.700    0.059
 528.885   -2.843    0.058
 529.369   -2.902    0.057
 529.840   -2.965    0.057
 530.303   -3.045    0.056
 530.764   -3.018    0.056
 531.222   -3.019    0.056
 531.685   -3.091    0.055
 532.158   -3.049    0.055
 532.649   -3.034    0.054
 533.173   -3.025    0.053
 533.743   -2.912    0.053
 534.376   -2.800    0.053
 535.103   -2.746    0.052
 535.989   -2.515    0.051
 537.233   -2.162    0.050
 543.381   -0.197    0.000
