 494.896    3.531    0.121
 503.672    0.797    0.117
 504.992    0.391    0.121
 505.929    0.005    0.119
 506.689   -0.200    0.120
 507.343   -0.370    0.121
 507.929   -0.509    0.121
 508.465   -0.787    0.116
 508.968   -0.722    0.121
 509.452   -0.861    0.119
 509.918   -0.886    0.120
 510.372   -0.937    0.120
 510.820   -0.988    0.119
 511.269   -1.052    0.117
 511.720   -1.083    0.117
 512.177   -1.138    0.115
 512.644   -1.171    0.114
 513.126   -1.087    0.116
 513.636   -0.817    0.123
 514.182   -0.958    0.116
 514.771   -0.843    0.118
 515.424   -0.665    0.119
 516.188   -0.706    0.112
 517.124   -0.345    0.115
 518.363   -0.160    0.000
 520.110    0.340    0.109
 522.124    0.201    0.101
 523.791   -0.034    0.098
 524.970   -0.200    0.097
 525.871   -0.277    0.096
 526.616   -0.459    0.094
 527.264   -0.403    0.094
 527.846   -0.418    0.093
 528.381   -0.436    0.092
 528.885   -0.435    0.091
 529.369   -0.357    0.091
 529.840   -0.284    0.091
 530.303   -0.238    0.090
 530.764   -0.078    0.091
 531.222    0.052    0.091
 531.685    0.111    0.090
 532.158    0.284    0.090
 532.649    0.444    0.090
 533.173    0.601    0.089
 533.743    0.869    0.090
 534.376    1.161    0.090
 535.103    1.424    0.089
 535.989    1.898    0.089
 537.233    2.585    0.088
 543.381    5.209    0.088
