 494.896    1.220    0.185
 503.672   -1.052    0.189
 504.992   -1.357    0.200
 505.929   -1.567    0.203
 506.689   -1.759    0.201
 507.343   -1.840    0.206
 507.929   -1.856    0.215
 508.465   -1.968    0.211
 508.968   -1.940    0.219
 509.452   -1.983    0.218
 509.918   -2.050    0.215
 510.372   -1.992    0.223
 510.820   -1.985    0.226
 511.269   -1.986    0.223
 511.720   -1.957    0.228
 512.177   -1.884    0.232
 512.644   -1.859    0.234
 513.126   -1.782    0.237
 513.636   -1.725    0.237
 514.182   -1.607    0.243
 514.771   -1.431    0.254
 515.424   -1.288    0.257
 516.188   -1.090    0.259
 517.124   -0.747    0.276
 518.363   -0.359    0.284
 520.110    0.282    0.329
 522.124    0.908    0.461
 523.791    1.215    0.650
 524.970    0.961    0.668
 525.871    0.996    0.758
 526.616    1.017    0.828
 527.264    0.755    0.772
 527.846    0.899    0.869
 528.381    0.819    0.866
 528.885    0.772    0.866
 529.369    1.113    1.045
 529.840    0.995    0.995
 530.303    1.059    1.033
 530.764    1.114    1.063
 531.222    0.944    0.980
 531.685    1.218    1.110
 532.158    1.240    1.110
 532.649    1.413    1.180
 533.173    1.937    1.478
 533.743    1.758    1.287
 534.376    2.126    1.462
 535.103    2.479    1.612
 535.989    2.795    1.682
 537.233    3.406    1.853
 543.381    5.621    2.091
