 494.896    2.624    0.403
 503.672    0.317    0.403
 504.992   -0.149    0.392
 505.929   -0.388    0.393
 506.689   -0.515    0.402
 507.343   -0.669    0.396
 507.929   -0.760    0.397
 508.465   -0.868    0.391
 508.968   -0.923    0.389
 509.452   -0.944    0.392
 509.918   -0.928    0.403
 510.372   -0.957    0.400
 510.820   -1.007    0.393
 511.269   -0.992    0.392
 511.720   -1.002    0.391
 512.177   -0.958    0.394
 512.644   -0.897    0.404
 513.126   -0.872    0.399
 513.636   -0.856    0.389
 514.182   -0.771    0.392
 514.771   -0.697    0.390
 515.424   -0.521    0.401
 516.188   -0.351    0.398
 517.124   -0.130    0.399
 518.363    0.235    0.406
 520.110    0.602    0.409
 522.124    0.818    0.466
 523.791    0.505    0.481
 524.970    0.253    0.495
 525.871    0.103    0.512
 526.616    0.078    0.547
 527.264   -0.063    0.542
 527.846   -0.136    0.548
 528.381   -0.099    0.579
 528.885   -0.165    0.573
 529.369   -0.091    0.605
 529.840    0.038    0.653
 530.303    0.022    0.651
 530.764    0.016    0.650
 531.222    0.107    0.683
 531.685    0.158    0.692
 532.158    0.247    0.716
 532.649    0.253    0.700
 533.173    0.510    0.768
 533.743    0.531    0.739
 534.376    0.823    0.808
 535.103    1.031    0.829
 535.989    1.326    0.855
 537.233    1.919    0.935
 543.381    4.194    1.088
