 494.896    4.741    0.882
 503.672    1.976    0.701
 504.992    1.397    0.645
 505.929    1.204    0.662
 506.689    0.927    0.627
 507.343    0.700    0.596
 507.929    0.596    0.593
 508.465    0.420    0.565
 508.968    0.383    0.567
 509.452    0.188    0.524
 509.918    0.112    0.514
 510.372    0.098    0.513
 510.820   -0.010    0.490
 511.269   -0.058    0.474
 511.720   -0.014    0.486
 512.177   -0.067    0.465
 512.644   -0.132    0.448
 513.126   -0.069    0.451
 513.636   -0.103    0.429
 514.182   -0.025    0.431
 514.771   -0.046    0.408
 515.424    0.009    0.395
 516.188    0.186    0.393
 517.124    0.250    0.364
 518.363    0.428    0.336
 520.110    0.645    0.314
 522.124    0.370    0.278
 523.791   -0.052    0.271
 524.970   -0.345    0.273
 525.871   -0.572    0.272
 526.616   -0.701    0.276
 527.264   -0.843    0.273
 527.846   -0.947    0.271
 528.381   -0.999    0.274
 528.885   -1.044    0.274
 529.369   -1.087    0.273
 529.840   -1.097    0.275
 530.303   -1.127    0.272
 530.764   -1.125    0.273
 531.222   -1.051    0.284
 531.685   -1.068    0.278
 532.158   -0.962    0.290
 532.649   -0.963    0.283
 533.173   -0.813    0.294
 533.743   -0.759    0.288
 534.376   -0.605    0.294
 535.103   -0.484    0.288
 535.989   -0.135    0.306
 537.233    0.251    0.301
 543.381    2.421    0.333
