  -175.0    0.726    0.182
  -165.0    2.878    0.289
  -155.0    6.049    0.347
  -145.0    9.043    0.468
  -135.0   10.959    0.470
  -125.0   12.468    0.526
  -115.0   11.438    0.517
  -105.0    9.260    0.522
   -95.0    6.333    0.529
   -85.0    3.951    0.539
   -75.0    2.629    0.545
   -65.0    2.275    0.573
   -55.0    3.053    0.575
   -45.0    4.185    0.582
   -35.0    6.194    0.594
   -25.0    8.585    0.598
   -15.0   11.649    0.600
    -5.0   13.945    0.604
     5.0   15.413    0.597
    15.0   13.620    0.586
    25.0   11.365    0.590
    35.0    8.858    0.583
    45.0    6.533    0.560
    55.0    5.357    0.552
    65.0    5.309    0.534
    75.0    5.991    0.521
    85.0    7.185    0.512
    95.0    8.070    0.498
   105.0    8.668    0.466
   115.0    9.124    0.418
   125.0    8.524    0.396
   135.0    7.168    0.375
   145.0    5.177    0.335
   155.0    2.488    0.251
   165.0    0.726    0.162
   175.0    0.000    0.000
